#
# There is insufficient memory for the Java Runtime Environment to continue.
# Native memory allocation (malloc) failed to allocate 984208 bytes. Error detail: Chunk::new
# Possible reasons:
#   The system is out of physical RAM or swap space
#   This process is running with CompressedOops enabled, and the Java Heap may be blocking the growth of the native heap
# Possible solutions:
#   Reduce memory load on the system
#   Increase physical memory or swap space
#   Check if swap backing store is full
#   Decrease Java heap size (-Xmx/-Xms)
#   Decrease number of Java threads
#   Decrease Java thread stack sizes (-Xss)
#   Set larger code cache with -XX:ReservedCodeCacheSize=
#   JVM is running with Unscaled Compressed Oops mode in which the Java heap is
#     placed in the first 4GB address space. The Java Heap base address is the
#     maximum limit for the native heap growth. Please use -XX:HeapBaseMinAddress
#     to set the Java Heap base and to place the Java Heap above 4GB virtual address.
# This output file may be truncated or incomplete.
#
#  Out of Memory Error (arena.cpp:191), pid=18992, tid=16592
#
# JRE version: OpenJDK Runtime Environment Temurin-17.0.12+7 (17.0.12+7) (build 17.0.12+7)
# Java VM: OpenJDK 64-Bit Server VM Temurin-17.0.12+7 (17.0.12+7, mixed mode, sharing, tiered, compressed oops, compressed class ptrs, g1 gc, windows-amd64)
# No core dump will be written. Minidumps are not enabled by default on client versions of Windows
#

---------------  S U M M A R Y ------------

Command Line: --add-opens=java.base/java.lang=ALL-UNNAMED --add-opens=java.base/java.lang.invoke=ALL-UNNAMED --add-opens=java.base/java.util=ALL-UNNAMED --add-opens=java.prefs/java.util.prefs=ALL-UNNAMED --add-exports=jdk.compiler/com.sun.tools.javac.api=ALL-UNNAMED --add-exports=jdk.compiler/com.sun.tools.javac.util=ALL-UNNAMED --add-opens=java.base/java.util=ALL-UNNAMED --add-opens=java.prefs/java.util.prefs=ALL-UNNAMED --add-opens=java.base/java.nio.charset=ALL-UNNAMED --add-opens=java.base/java.net=ALL-UNNAMED --add-opens=java.base/java.util.concurrent.atomic=ALL-UNNAMED --add-opens=java.xml/javax.xml.namespace=ALL-UNNAMED -XX:MaxMetaspaceSize=384m -XX:+HeapDumpOnOutOfMemoryError -Xms256m -Xmx512m -Dfile.encoding=UTF-8 -Duser.country=KR -Duser.language=ko -Duser.variant -javaagent:C:\Users\803-19\.gradle\wrapper\dists\gradle-8.11.1-bin\bpt9gzteqjrbo1mjrsomdt32c\gradle-8.11.1\lib\agents\gradle-instrumentation-agent-8.11.1.jar org.gradle.launcher.daemon.bootstrap.GradleDaemon 8.11.1

Host: Intel(R) Core(TM) i5-7500 CPU @ 3.40GHz, 4 cores, 15G,  Windows 10 , 64 bit Build 19041 (10.0.19041.5198)
Time: Tue Dec 31 12:48:32 2024  Windows 10 , 64 bit Build 19041 (10.0.19041.5198) elapsed time: 63.481445 seconds (0d 0h 1m 3s)

---------------  T H R E A D  ---------------

Current thread (0x0000027b37640a90):  JavaThread "C2 CompilerThread0" daemon [_thread_in_native, id=16592, stack(0x000000a3a8c00000,0x000000a3a8d00000)]


Current CompileTask:
C2:  63481 6189 % !   4       java.util.jar.Attributes::read @ 12 (494 bytes)

Stack: [0x000000a3a8c00000,0x000000a3a8d00000]
Native frames: (J=compiled Java code, j=interpreted, Vv=VM code, C=native code)
V  [jvm.dll+0x67f929]
V  [jvm.dll+0x8371ba]
V  [jvm.dll+0x838c7e]
V  [jvm.dll+0x8392e3]
V  [jvm.dll+0x24834f]
V  [jvm.dll+0xac9d4]
V  [jvm.dll+0xad01c]
V  [jvm.dll+0x3674a7]
V  [jvm.dll+0x33197a]
V  [jvm.dll+0x330e1a]
V  [jvm.dll+0x21a8b1]
V  [jvm.dll+0x219cf1]
V  [jvm.dll+0x1a58bd]
V  [jvm.dll+0x229a2d]
V  [jvm.dll+0x227bdc]
V  [jvm.dll+0x7ec1f7]
V  [jvm.dll+0x7e65dc]
V  [jvm.dll+0x67e7f7]
C  [ucrtbase.dll+0x21bb2]
C  [KERNEL32.DLL+0x17374]
C  [ntdll.dll+0x4cc91]


---------------  P R O C E S S  ---------------

Threads class SMR info:
_java_thread_list=0x0000027b5602d280, length=48, elements={
0x0000027b1d30ed20, 0x0000027b37620fd0, 0x0000027b37621d60, 0x0000027b37639d90,
0x0000027b3763dce0, 0x0000027b3763e5b0, 0x0000027b3763ee80, 0x0000027b37640a90,
0x0000027b376413a0, 0x0000027b37642450, 0x0000027b3760b4f0, 0x0000027b378022f0,
0x0000027b5232f4b0, 0x0000027b51cb55e0, 0x0000027b51d7b1d0, 0x0000027b51f12280,
0x0000027b524be040, 0x0000027b376b2060, 0x0000027b376b2a80, 0x0000027b376b2f90,
0x0000027b376b34a0, 0x0000027b376b39b0, 0x0000027b376b5300, 0x0000027b376b3ec0,
0x0000027b376b48e0, 0x0000027b376b43d0, 0x0000027b376b2570, 0x0000027b376b4df0,
0x0000027b376b5810, 0x0000027b537b4df0, 0x0000027b537b2f90, 0x0000027b537b3ec0,
0x0000027b537b2570, 0x0000027b537b5810, 0x0000027b537b34a0, 0x0000027b537b5300,
0x0000027b52cef9d0, 0x0000027b52cef4c0, 0x0000027b52cf2c70, 0x0000027b52cf0900,
0x0000027b52cf3ba0, 0x0000027b52cf2760, 0x0000027b52cf0e10, 0x0000027b52cee590,
0x0000027b52cefee0, 0x0000027b52cf3690, 0x0000027b52ced150, 0x0000027b52cf1320
}

Java Threads: ( => current thread )
  0x0000027b1d30ed20 JavaThread "main" [_thread_blocked, id=14340, stack(0x000000a3a7f00000,0x000000a3a8000000)]
  0x0000027b37620fd0 JavaThread "Reference Handler" daemon [_thread_blocked, id=19388, stack(0x000000a3a8600000,0x000000a3a8700000)]
  0x0000027b37621d60 JavaThread "Finalizer" daemon [_thread_blocked, id=17024, stack(0x000000a3a8700000,0x000000a3a8800000)]
  0x0000027b37639d90 JavaThread "Signal Dispatcher" daemon [_thread_blocked, id=12244, stack(0x000000a3a8800000,0x000000a3a8900000)]
  0x0000027b3763dce0 JavaThread "Attach Listener" daemon [_thread_blocked, id=19240, stack(0x000000a3a8900000,0x000000a3a8a00000)]
  0x0000027b3763e5b0 JavaThread "Service Thread" daemon [_thread_blocked, id=19020, stack(0x000000a3a8a00000,0x000000a3a8b00000)]
  0x0000027b3763ee80 JavaThread "Monitor Deflation Thread" daemon [_thread_blocked, id=19096, stack(0x000000a3a8b00000,0x000000a3a8c00000)]
=>0x0000027b37640a90 JavaThread "C2 CompilerThread0" daemon [_thread_in_native, id=16592, stack(0x000000a3a8c00000,0x000000a3a8d00000)]
  0x0000027b376413a0 JavaThread "C1 CompilerThread0" daemon [_thread_blocked, id=8740, stack(0x000000a3a8d00000,0x000000a3a8e00000)]
  0x0000027b37642450 JavaThread "Sweeper thread" daemon [_thread_blocked, id=19524, stack(0x000000a3a8e00000,0x000000a3a8f00000)]
  0x0000027b3760b4f0 JavaThread "Common-Cleaner" daemon [_thread_blocked, id=1604, stack(0x000000a3a8f00000,0x000000a3a9000000)]
  0x0000027b378022f0 JavaThread "Notification Thread" daemon [_thread_blocked, id=20388, stack(0x000000a3a9000000,0x000000a3a9100000)]
  0x0000027b5232f4b0 JavaThread "Daemon health stats" [_thread_blocked, id=19296, stack(0x000000a3a9500000,0x000000a3a9600000)]
  0x0000027b51cb55e0 JavaThread "Incoming local TCP Connector on port 52056" [_thread_in_native, id=2144, stack(0x000000a3a9600000,0x000000a3a9700000)]
  0x0000027b51d7b1d0 JavaThread "Daemon periodic checks" [_thread_blocked, id=12488, stack(0x000000a3a9700000,0x000000a3a9800000)]
  0x0000027b51f12280 JavaThread "Daemon" [_thread_blocked, id=14428, stack(0x000000a3a9800000,0x000000a3a9900000)]
  0x0000027b524be040 JavaThread "Handler for socket connection from /127.0.0.1:52056 to /127.0.0.1:52057" [_thread_in_native, id=19856, stack(0x000000a3a9900000,0x000000a3a9a00000)]
  0x0000027b376b2060 JavaThread "Cancel handler" [_thread_blocked, id=14532, stack(0x000000a3a9a00000,0x000000a3a9b00000)]
  0x0000027b376b2a80 JavaThread "Daemon worker" [_thread_in_native, id=4780, stack(0x000000a3a9b00000,0x000000a3a9c00000)]
  0x0000027b376b2f90 JavaThread "Asynchronous log dispatcher for DefaultDaemonConnection: socket connection from /127.0.0.1:52056 to /127.0.0.1:52057" [_thread_blocked, id=20248, stack(0x000000a3a9c00000,0x000000a3a9d00000)]
  0x0000027b376b34a0 JavaThread "Stdin handler" [_thread_blocked, id=18108, stack(0x000000a3a9d00000,0x000000a3a9e00000)]
  0x0000027b376b39b0 JavaThread "Daemon client event forwarder" [_thread_blocked, id=16984, stack(0x000000a3a9e00000,0x000000a3a9f00000)]
  0x0000027b376b5300 JavaThread "Cache worker for journal cache (C:\Users\803-19\.gradle\caches\journal-1)" [_thread_blocked, id=16728, stack(0x000000a3a9f00000,0x000000a3aa000000)]
  0x0000027b376b3ec0 JavaThread "File lock request listener" [_thread_in_native, id=13600, stack(0x000000a3aa000000,0x000000a3aa100000)]
  0x0000027b376b48e0 JavaThread "Cache worker for file hash cache (C:\Users\803-19\.gradle\caches\8.11.1\fileHashes)" [_thread_blocked, id=16744, stack(0x000000a3aa100000,0x000000a3aa200000)]
  0x0000027b376b43d0 JavaThread "File lock release action executor" [_thread_blocked, id=6648, stack(0x000000a3aa200000,0x000000a3aa300000)]
  0x0000027b376b2570 JavaThread "Cache worker for file content cache (C:\Users\803-19\.gradle\caches\8.11.1\fileContent)" [_thread_blocked, id=12916, stack(0x000000a3aa300000,0x000000a3aa400000)]
  0x0000027b376b4df0 JavaThread "Cache worker for file hash cache (C:\back\itdat\.gradle\8.11.1\fileHashes)" [_thread_blocked, id=1864, stack(0x000000a3aa400000,0x000000a3aa500000)]
  0x0000027b376b5810 JavaThread "Cache worker for Build Output Cleanup Cache (C:\back\itdat\.gradle\buildOutputCleanup)" [_thread_blocked, id=16716, stack(0x000000a3aa500000,0x000000a3aa600000)]
  0x0000027b537b4df0 JavaThread "File watcher server" daemon [_thread_in_native, id=5940, stack(0x000000a3aa600000,0x000000a3aa700000)]
  0x0000027b537b2f90 JavaThread "File watcher consumer" daemon [_thread_blocked, id=12184, stack(0x000000a3aa700000,0x000000a3aa800000)]
  0x0000027b537b3ec0 JavaThread "Cache worker for checksums cache (C:\back\itdat\.gradle\8.11.1\checksums)" [_thread_blocked, id=13872, stack(0x000000a3aa800000,0x000000a3aa900000)]
  0x0000027b537b2570 JavaThread "Cache worker for cache directory md-rule (C:\Users\803-19\.gradle\caches\8.11.1\md-rule)" [_thread_blocked, id=20044, stack(0x000000a3aa900000,0x000000a3aaa00000)]
  0x0000027b537b5810 JavaThread "Cache worker for cache directory md-supplier (C:\Users\803-19\.gradle\caches\8.11.1\md-supplier)" [_thread_blocked, id=18928, stack(0x000000a3aaa00000,0x000000a3aab00000)]
  0x0000027b537b34a0 JavaThread "jar transforms" [_thread_blocked, id=14440, stack(0x000000a3aab00000,0x000000a3aac00000)]
  0x0000027b537b5300 JavaThread "jar transforms Thread 2" [_thread_blocked, id=3948, stack(0x000000a3aad00000,0x000000a3aae00000)]
  0x0000027b52cef9d0 JavaThread "jar transforms Thread 3" [_thread_blocked, id=492, stack(0x000000a3aac00000,0x000000a3aad00000)]
  0x0000027b52cef4c0 JavaThread "jar transforms Thread 4" [_thread_blocked, id=17800, stack(0x000000a3aae00000,0x000000a3aaf00000)]
  0x0000027b52cf2c70 JavaThread "Unconstrained build operations" [_thread_blocked, id=16548, stack(0x000000a3ab100000,0x000000a3ab200000)]
  0x0000027b52cf0900 JavaThread "Unconstrained build operations Thread 2" [_thread_blocked, id=19724, stack(0x000000a3ab200000,0x000000a3ab300000)]
  0x0000027b52cf3ba0 JavaThread "Unconstrained build operations Thread 3" [_thread_blocked, id=20284, stack(0x000000a3ab300000,0x000000a3ab400000)]
  0x0000027b52cf2760 JavaThread "Unconstrained build operations Thread 4" [_thread_blocked, id=11496, stack(0x000000a3ab400000,0x000000a3ab500000)]
  0x0000027b52cf0e10 JavaThread "Unconstrained build operations Thread 5" [_thread_blocked, id=18560, stack(0x000000a3ab500000,0x000000a3ab600000)]
  0x0000027b52cee590 JavaThread "Unconstrained build operations Thread 6" [_thread_blocked, id=19676, stack(0x000000a3ab600000,0x000000a3ab700000)]
  0x0000027b52cefee0 JavaThread "Unconstrained build operations Thread 7" [_thread_blocked, id=17616, stack(0x000000a3ab700000,0x000000a3ab800000)]
  0x0000027b52cf3690 JavaThread "Unconstrained build operations Thread 8" [_thread_blocked, id=8496, stack(0x000000a3ab800000,0x000000a3ab900000)]
  0x0000027b52ced150 JavaThread "Unconstrained build operations Thread 9" [_thread_blocked, id=16756, stack(0x000000a3ab900000,0x000000a3aba00000)]
  0x0000027b52cf1320 JavaThread "Memory manager" [_thread_blocked, id=4400, stack(0x000000a3abb00000,0x000000a3abc00000)]

Other Threads:
  0x0000027b3761a030 VMThread "VM Thread" [stack: 0x000000a3a8500000,0x000000a3a8600000] [id=11084]
  0x0000027b1d30fbf0 WatcherThread [stack: 0x000000a3a9100000,0x000000a3a9200000] [id=14892]
  0x0000027b1d33ca30 GCTaskThread "GC Thread#0" [stack: 0x000000a3a8000000,0x000000a3a8100000] [id=20244]
  0x0000027b378db300 GCTaskThread "GC Thread#1" [stack: 0x000000a3a9200000,0x000000a3a9300000] [id=15636]
  0x0000027b378db5c0 GCTaskThread "GC Thread#2" [stack: 0x000000a3a9300000,0x000000a3a9400000] [id=20120]
  0x0000027b378e62c0 GCTaskThread "GC Thread#3" [stack: 0x000000a3a9400000,0x000000a3a9500000] [id=18756]
  0x0000027b1d3428a0 ConcurrentGCThread "G1 Main Marker" [stack: 0x000000a3a8100000,0x000000a3a8200000] [id=18660]
  0x0000027b1d3441e0 ConcurrentGCThread "G1 Conc#0" [stack: 0x000000a3a8200000,0x000000a3a8300000] [id=18820]
  0x0000027b374de510 ConcurrentGCThread "G1 Refine#0" [stack: 0x000000a3a8300000,0x000000a3a8400000] [id=19756]
  0x0000027b54643ce0 ConcurrentGCThread "G1 Refine#1" [stack: 0x000000a3aaf00000,0x000000a3ab000000] [id=20328]
  0x0000027b54ea1e00 ConcurrentGCThread "G1 Refine#2" [stack: 0x000000a3ab000000,0x000000a3ab100000] [id=20288]
  0x0000027b374dee50 ConcurrentGCThread "G1 Service" [stack: 0x000000a3a8400000,0x000000a3a8500000] [id=14876]

Threads with active compile tasks:
C2 CompilerThread0    63522 6189 % !   4       java.util.jar.Attributes::read @ 12 (494 bytes)

VM state: not at safepoint (normal execution)

VM Mutex/Monitor currently owned by a thread: None

Heap address: 0x00000000e0000000, size: 512 MB, Compressed Oops mode: 32-bit

CDS archive(s) mapped at: [0x0000027b38000000-0x0000027b38bb0000-0x0000027b38bb0000), size 12255232, SharedBaseAddress: 0x0000027b38000000, ArchiveRelocationMode: 1.
Compressed class space mapped at: 0x0000027b39000000-0x0000027b4d000000, reserved size: 335544320
Narrow klass base: 0x0000027b38000000, Narrow klass shift: 0, Narrow klass range: 0x100000000

GC Precious Log:
 CPUs: 4 total, 4 available
 Memory: 16342M
 Large Page Support: Disabled
 NUMA Support: Disabled
 Compressed Oops: Enabled (32-bit)
 Heap Region Size: 1M
 Heap Min Capacity: 256M
 Heap Initial Capacity: 256M
 Heap Max Capacity: 512M
 Pre-touch: Disabled
 Parallel Workers: 4
 Concurrent Workers: 1
 Concurrent Refinement Workers: 4
 Periodic GC: Disabled

Heap:
 garbage-first heap   total 262144K, used 171978K [0x00000000e0000000, 0x0000000100000000)
  region size 1024K, 138 young (141312K), 1 survivors (1024K)
 Metaspace       used 49268K, committed 49792K, reserved 393216K
  class space    used 7014K, committed 7232K, reserved 327680K

Heap Regions: E=young(eden), S=young(survivor), O=old, HS=humongous(starts), HC=humongous(continues), CS=collection set, F=free, OA=open archive, CA=closed archive, TAMS=top-at-mark-start (previous, next)
|   0|0x00000000e0000000, 0x00000000e0100000, 0x00000000e0100000|100%|HS|  |TAMS 0x00000000e0100000, 0x00000000e0000000| Complete 
|   1|0x00000000e0100000, 0x00000000e0200000, 0x00000000e0200000|100%|HC|  |TAMS 0x00000000e0200000, 0x00000000e0100000| Complete 
|   2|0x00000000e0200000, 0x00000000e0300000, 0x00000000e0300000|100%|HC|  |TAMS 0x00000000e0300000, 0x00000000e0200000| Complete 
|   3|0x00000000e0300000, 0x00000000e0400000, 0x00000000e0400000|100%| O|  |TAMS 0x00000000e0400000, 0x00000000e0300000| Untracked 
|   4|0x00000000e0400000, 0x00000000e0500000, 0x00000000e0500000|100%|HS|  |TAMS 0x00000000e0400000, 0x00000000e0400000| Complete 
|   5|0x00000000e0500000, 0x00000000e0600000, 0x00000000e0600000|100%| O|  |TAMS 0x00000000e0600000, 0x00000000e0500000| Untracked 
|   6|0x00000000e0600000, 0x00000000e0700000, 0x00000000e0700000|100%| O|  |TAMS 0x00000000e0700000, 0x00000000e0600000| Untracked 
|   7|0x00000000e0700000, 0x00000000e0800000, 0x00000000e0800000|100%|HS|  |TAMS 0x00000000e0800000, 0x00000000e0700000| Complete 
|   8|0x00000000e0800000, 0x00000000e0900000, 0x00000000e0900000|100%| O|  |TAMS 0x00000000e0900000, 0x00000000e0800000| Untracked 
|   9|0x00000000e0900000, 0x00000000e0a00000, 0x00000000e0a00000|100%| O|  |TAMS 0x00000000e0a00000, 0x00000000e0900000| Untracked 
|  10|0x00000000e0a00000, 0x00000000e0b00000, 0x00000000e0b00000|100%| O|  |TAMS 0x00000000e0b00000, 0x00000000e0a00000| Untracked 
|  11|0x00000000e0b00000, 0x00000000e0c00000, 0x00000000e0c00000|100%| O|  |TAMS 0x00000000e0c00000, 0x00000000e0b00000| Untracked 
|  12|0x00000000e0c00000, 0x00000000e0d00000, 0x00000000e0d00000|100%| O|  |TAMS 0x00000000e0d00000, 0x00000000e0c00000| Untracked 
|  13|0x00000000e0d00000, 0x00000000e0e00000, 0x00000000e0e00000|100%| O|  |TAMS 0x00000000e0e00000, 0x00000000e0d00000| Untracked 
|  14|0x00000000e0e00000, 0x00000000e0f00000, 0x00000000e0f00000|100%| O|  |TAMS 0x00000000e0f00000, 0x00000000e0e00000| Untracked 
|  15|0x00000000e0f00000, 0x00000000e1000000, 0x00000000e1000000|100%| O|  |TAMS 0x00000000e1000000, 0x00000000e0f00000| Untracked 
|  16|0x00000000e1000000, 0x00000000e1100000, 0x00000000e1100000|100%| O|  |TAMS 0x00000000e1100000, 0x00000000e1000000| Untracked 
|  17|0x00000000e1100000, 0x00000000e1200000, 0x00000000e1200000|100%| O|  |TAMS 0x00000000e1200000, 0x00000000e1100000| Untracked 
|  18|0x00000000e1200000, 0x00000000e1300000, 0x00000000e1300000|100%| O|  |TAMS 0x00000000e1300000, 0x00000000e1200000| Untracked 
|  19|0x00000000e1300000, 0x00000000e1400000, 0x00000000e1400000|100%| O|  |TAMS 0x00000000e1400000, 0x00000000e1300000| Untracked 
|  20|0x00000000e1400000, 0x00000000e1500000, 0x00000000e1500000|100%| O|  |TAMS 0x00000000e1500000, 0x00000000e1400000| Untracked 
|  21|0x00000000e1500000, 0x00000000e1600000, 0x00000000e1600000|100%| O|  |TAMS 0x00000000e1600000, 0x00000000e1500000| Untracked 
|  22|0x00000000e1600000, 0x00000000e1700000, 0x00000000e1700000|100%| O|  |TAMS 0x00000000e1700000, 0x00000000e1600000| Untracked 
|  23|0x00000000e1700000, 0x00000000e1800000, 0x00000000e1800000|100%| O|  |TAMS 0x00000000e1800000, 0x00000000e1700000| Untracked 
|  24|0x00000000e1800000, 0x00000000e1900000, 0x00000000e1900000|100%| O|  |TAMS 0x00000000e1900000, 0x00000000e1800000| Untracked 
|  25|0x00000000e1900000, 0x00000000e1a00000, 0x00000000e1a00000|100%| O|  |TAMS 0x00000000e1a00000, 0x00000000e1900000| Untracked 
|  26|0x00000000e1a00000, 0x00000000e1b00000, 0x00000000e1b00000|100%| O|  |TAMS 0x00000000e1b00000, 0x00000000e1a00000| Untracked 
|  27|0x00000000e1b00000, 0x00000000e1c00000, 0x00000000e1c00000|100%| O|  |TAMS 0x00000000e1c00000, 0x00000000e1b00000| Untracked 
|  28|0x00000000e1c00000, 0x00000000e1d00000, 0x00000000e1d00000|100%| O|  |TAMS 0x00000000e1d00000, 0x00000000e1c00000| Untracked 
|  29|0x00000000e1d00000, 0x00000000e1e00000, 0x00000000e1e00000|100%| O|  |TAMS 0x00000000e1e00000, 0x00000000e1d00000| Untracked 
|  30|0x00000000e1e00000, 0x00000000e1f00000, 0x00000000e1f00000|100%| O|  |TAMS 0x00000000e1f00000, 0x00000000e1e00000| Untracked 
|  31|0x00000000e1f00000, 0x00000000e1f8e200, 0x00000000e2000000| 55%| O|  |TAMS 0x00000000e1f8e200, 0x00000000e1f00000| Untracked 
|  32|0x00000000e2000000, 0x00000000e2100000, 0x00000000e2100000|100%|HS|  |TAMS 0x00000000e2000000, 0x00000000e2000000| Complete 
|  33|0x00000000e2100000, 0x00000000e2100000, 0x00000000e2200000|  0%| F|  |TAMS 0x00000000e2100000, 0x00000000e2100000| Untracked 
|  34|0x00000000e2200000, 0x00000000e2200000, 0x00000000e2300000|  0%| F|  |TAMS 0x00000000e2200000, 0x00000000e2200000| Untracked 
|  35|0x00000000e2300000, 0x00000000e2300000, 0x00000000e2400000|  0%| F|  |TAMS 0x00000000e2300000, 0x00000000e2300000| Untracked 
|  36|0x00000000e2400000, 0x00000000e2400000, 0x00000000e2500000|  0%| F|  |TAMS 0x00000000e2400000, 0x00000000e2400000| Untracked 
|  37|0x00000000e2500000, 0x00000000e2500000, 0x00000000e2600000|  0%| F|  |TAMS 0x00000000e2500000, 0x00000000e2500000| Untracked 
|  38|0x00000000e2600000, 0x00000000e2600000, 0x00000000e2700000|  0%| F|  |TAMS 0x00000000e2600000, 0x00000000e2600000| Untracked 
|  39|0x00000000e2700000, 0x00000000e2700000, 0x00000000e2800000|  0%| F|  |TAMS 0x00000000e2700000, 0x00000000e2700000| Untracked 
|  40|0x00000000e2800000, 0x00000000e2800000, 0x00000000e2900000|  0%| F|  |TAMS 0x00000000e2800000, 0x00000000e2800000| Untracked 
|  41|0x00000000e2900000, 0x00000000e2900000, 0x00000000e2a00000|  0%| F|  |TAMS 0x00000000e2900000, 0x00000000e2900000| Untracked 
|  42|0x00000000e2a00000, 0x00000000e2a00000, 0x00000000e2b00000|  0%| F|  |TAMS 0x00000000e2a00000, 0x00000000e2a00000| Untracked 
|  43|0x00000000e2b00000, 0x00000000e2b00000, 0x00000000e2c00000|  0%| F|  |TAMS 0x00000000e2b00000, 0x00000000e2b00000| Untracked 
|  44|0x00000000e2c00000, 0x00000000e2c00000, 0x00000000e2d00000|  0%| F|  |TAMS 0x00000000e2c00000, 0x00000000e2c00000| Untracked 
|  45|0x00000000e2d00000, 0x00000000e2d00000, 0x00000000e2e00000|  0%| F|  |TAMS 0x00000000e2d00000, 0x00000000e2d00000| Untracked 
|  46|0x00000000e2e00000, 0x00000000e2e00000, 0x00000000e2f00000|  0%| F|  |TAMS 0x00000000e2e00000, 0x00000000e2e00000| Untracked 
|  47|0x00000000e2f00000, 0x00000000e2f00000, 0x00000000e3000000|  0%| F|  |TAMS 0x00000000e2f00000, 0x00000000e2f00000| Untracked 
|  48|0x00000000e3000000, 0x00000000e3000000, 0x00000000e3100000|  0%| F|  |TAMS 0x00000000e3000000, 0x00000000e3000000| Untracked 
|  49|0x00000000e3100000, 0x00000000e3100000, 0x00000000e3200000|  0%| F|  |TAMS 0x00000000e3100000, 0x00000000e3100000| Untracked 
|  50|0x00000000e3200000, 0x00000000e3200000, 0x00000000e3300000|  0%| F|  |TAMS 0x00000000e3200000, 0x00000000e3200000| Untracked 
|  51|0x00000000e3300000, 0x00000000e3300000, 0x00000000e3400000|  0%| F|  |TAMS 0x00000000e3300000, 0x00000000e3300000| Untracked 
|  52|0x00000000e3400000, 0x00000000e3400000, 0x00000000e3500000|  0%| F|  |TAMS 0x00000000e3400000, 0x00000000e3400000| Untracked 
|  53|0x00000000e3500000, 0x00000000e3500000, 0x00000000e3600000|  0%| F|  |TAMS 0x00000000e3500000, 0x00000000e3500000| Untracked 
|  54|0x00000000e3600000, 0x00000000e3600000, 0x00000000e3700000|  0%| F|  |TAMS 0x00000000e3600000, 0x00000000e3600000| Untracked 
|  55|0x00000000e3700000, 0x00000000e3700000, 0x00000000e3800000|  0%| F|  |TAMS 0x00000000e3700000, 0x00000000e3700000| Untracked 
|  56|0x00000000e3800000, 0x00000000e3800000, 0x00000000e3900000|  0%| F|  |TAMS 0x00000000e3800000, 0x00000000e3800000| Untracked 
|  57|0x00000000e3900000, 0x00000000e3900000, 0x00000000e3a00000|  0%| F|  |TAMS 0x00000000e3900000, 0x00000000e3900000| Untracked 
|  58|0x00000000e3a00000, 0x00000000e3a00000, 0x00000000e3b00000|  0%| F|  |TAMS 0x00000000e3a00000, 0x00000000e3a00000| Untracked 
|  59|0x00000000e3b00000, 0x00000000e3b00000, 0x00000000e3c00000|  0%| F|  |TAMS 0x00000000e3b00000, 0x00000000e3b00000| Untracked 
|  60|0x00000000e3c00000, 0x00000000e3c00000, 0x00000000e3d00000|  0%| F|  |TAMS 0x00000000e3c00000, 0x00000000e3c00000| Untracked 
|  61|0x00000000e3d00000, 0x00000000e3d00000, 0x00000000e3e00000|  0%| F|  |TAMS 0x00000000e3d00000, 0x00000000e3d00000| Untracked 
|  62|0x00000000e3e00000, 0x00000000e3e00000, 0x00000000e3f00000|  0%| F|  |TAMS 0x00000000e3e00000, 0x00000000e3e00000| Untracked 
|  63|0x00000000e3f00000, 0x00000000e3f00000, 0x00000000e4000000|  0%| F|  |TAMS 0x00000000e3f00000, 0x00000000e3f00000| Untracked 
|  64|0x00000000e4000000, 0x00000000e4000000, 0x00000000e4100000|  0%| F|  |TAMS 0x00000000e4000000, 0x00000000e4000000| Untracked 
|  65|0x00000000e4100000, 0x00000000e4100000, 0x00000000e4200000|  0%| F|  |TAMS 0x00000000e4100000, 0x00000000e4100000| Untracked 
|  66|0x00000000e4200000, 0x00000000e4200000, 0x00000000e4300000|  0%| F|  |TAMS 0x00000000e4200000, 0x00000000e4200000| Untracked 
|  67|0x00000000e4300000, 0x00000000e4300000, 0x00000000e4400000|  0%| F|  |TAMS 0x00000000e4300000, 0x00000000e4300000| Untracked 
|  68|0x00000000e4400000, 0x00000000e4400000, 0x00000000e4500000|  0%| F|  |TAMS 0x00000000e4400000, 0x00000000e4400000| Untracked 
|  69|0x00000000e4500000, 0x00000000e4500000, 0x00000000e4600000|  0%| F|  |TAMS 0x00000000e4500000, 0x00000000e4500000| Untracked 
|  70|0x00000000e4600000, 0x00000000e4600000, 0x00000000e4700000|  0%| F|  |TAMS 0x00000000e4600000, 0x00000000e4600000| Untracked 
|  71|0x00000000e4700000, 0x00000000e4700000, 0x00000000e4800000|  0%| F|  |TAMS 0x00000000e4700000, 0x00000000e4700000| Untracked 
|  72|0x00000000e4800000, 0x00000000e4800000, 0x00000000e4900000|  0%| F|  |TAMS 0x00000000e4800000, 0x00000000e4800000| Untracked 
|  73|0x00000000e4900000, 0x00000000e4900000, 0x00000000e4a00000|  0%| F|  |TAMS 0x00000000e4900000, 0x00000000e4900000| Untracked 
|  74|0x00000000e4a00000, 0x00000000e4a00000, 0x00000000e4b00000|  0%| F|  |TAMS 0x00000000e4a00000, 0x00000000e4a00000| Untracked 
|  75|0x00000000e4b00000, 0x00000000e4b00000, 0x00000000e4c00000|  0%| F|  |TAMS 0x00000000e4b00000, 0x00000000e4b00000| Untracked 
|  76|0x00000000e4c00000, 0x00000000e4c00000, 0x00000000e4d00000|  0%| F|  |TAMS 0x00000000e4c00000, 0x00000000e4c00000| Untracked 
|  77|0x00000000e4d00000, 0x00000000e4d00000, 0x00000000e4e00000|  0%| F|  |TAMS 0x00000000e4d00000, 0x00000000e4d00000| Untracked 
|  78|0x00000000e4e00000, 0x00000000e4e00000, 0x00000000e4f00000|  0%| F|  |TAMS 0x00000000e4e00000, 0x00000000e4e00000| Untracked 
|  79|0x00000000e4f00000, 0x00000000e4f00000, 0x00000000e5000000|  0%| F|  |TAMS 0x00000000e4f00000, 0x00000000e4f00000| Untracked 
|  80|0x00000000e5000000, 0x00000000e5000000, 0x00000000e5100000|  0%| F|  |TAMS 0x00000000e5000000, 0x00000000e5000000| Untracked 
|  81|0x00000000e5100000, 0x00000000e5100000, 0x00000000e5200000|  0%| F|  |TAMS 0x00000000e5100000, 0x00000000e5100000| Untracked 
|  82|0x00000000e5200000, 0x00000000e5200000, 0x00000000e5300000|  0%| F|  |TAMS 0x00000000e5200000, 0x00000000e5200000| Untracked 
|  83|0x00000000e5300000, 0x00000000e5300000, 0x00000000e5400000|  0%| F|  |TAMS 0x00000000e5300000, 0x00000000e5300000| Untracked 
|  84|0x00000000e5400000, 0x00000000e5400000, 0x00000000e5500000|  0%| F|  |TAMS 0x00000000e5400000, 0x00000000e5400000| Untracked 
|  85|0x00000000e5500000, 0x00000000e5500000, 0x00000000e5600000|  0%| F|  |TAMS 0x00000000e5500000, 0x00000000e5500000| Untracked 
|  86|0x00000000e5600000, 0x00000000e5600000, 0x00000000e5700000|  0%| F|  |TAMS 0x00000000e5600000, 0x00000000e5600000| Untracked 
|  87|0x00000000e5700000, 0x00000000e5700000, 0x00000000e5800000|  0%| F|  |TAMS 0x00000000e5700000, 0x00000000e5700000| Untracked 
|  88|0x00000000e5800000, 0x00000000e5800000, 0x00000000e5900000|  0%| F|  |TAMS 0x00000000e5800000, 0x00000000e5800000| Untracked 
|  89|0x00000000e5900000, 0x00000000e5900000, 0x00000000e5a00000|  0%| F|  |TAMS 0x00000000e5900000, 0x00000000e5900000| Untracked 
|  90|0x00000000e5a00000, 0x00000000e5a00000, 0x00000000e5b00000|  0%| F|  |TAMS 0x00000000e5a00000, 0x00000000e5a00000| Untracked 
|  91|0x00000000e5b00000, 0x00000000e5b00000, 0x00000000e5c00000|  0%| F|  |TAMS 0x00000000e5b00000, 0x00000000e5b00000| Untracked 
|  92|0x00000000e5c00000, 0x00000000e5c00000, 0x00000000e5d00000|  0%| F|  |TAMS 0x00000000e5c00000, 0x00000000e5c00000| Untracked 
|  93|0x00000000e5d00000, 0x00000000e5d00000, 0x00000000e5e00000|  0%| F|  |TAMS 0x00000000e5d00000, 0x00000000e5d00000| Untracked 
|  94|0x00000000e5e00000, 0x00000000e5e00000, 0x00000000e5f00000|  0%| F|  |TAMS 0x00000000e5e00000, 0x00000000e5e00000| Untracked 
|  95|0x00000000e5f00000, 0x00000000e5f00000, 0x00000000e6000000|  0%| F|  |TAMS 0x00000000e5f00000, 0x00000000e5f00000| Untracked 
|  96|0x00000000e6000000, 0x00000000e6000000, 0x00000000e6100000|  0%| F|  |TAMS 0x00000000e6000000, 0x00000000e6000000| Untracked 
|  97|0x00000000e6100000, 0x00000000e6100000, 0x00000000e6200000|  0%| F|  |TAMS 0x00000000e6100000, 0x00000000e6100000| Untracked 
|  98|0x00000000e6200000, 0x00000000e6200000, 0x00000000e6300000|  0%| F|  |TAMS 0x00000000e6200000, 0x00000000e6200000| Untracked 
|  99|0x00000000e6300000, 0x00000000e6300000, 0x00000000e6400000|  0%| F|  |TAMS 0x00000000e6300000, 0x00000000e6300000| Untracked 
| 100|0x00000000e6400000, 0x00000000e6400000, 0x00000000e6500000|  0%| F|  |TAMS 0x00000000e6400000, 0x00000000e6400000| Untracked 
| 101|0x00000000e6500000, 0x00000000e6500000, 0x00000000e6600000|  0%| F|  |TAMS 0x00000000e6500000, 0x00000000e6500000| Untracked 
| 102|0x00000000e6600000, 0x00000000e6600000, 0x00000000e6700000|  0%| F|  |TAMS 0x00000000e6600000, 0x00000000e6600000| Untracked 
| 103|0x00000000e6700000, 0x00000000e6700000, 0x00000000e6800000|  0%| F|  |TAMS 0x00000000e6700000, 0x00000000e6700000| Untracked 
| 104|0x00000000e6800000, 0x00000000e6800000, 0x00000000e6900000|  0%| F|  |TAMS 0x00000000e6800000, 0x00000000e6800000| Untracked 
| 105|0x00000000e6900000, 0x00000000e6900000, 0x00000000e6a00000|  0%| F|  |TAMS 0x00000000e6900000, 0x00000000e6900000| Untracked 
| 106|0x00000000e6a00000, 0x00000000e6a00000, 0x00000000e6b00000|  0%| F|  |TAMS 0x00000000e6a00000, 0x00000000e6a00000| Untracked 
| 107|0x00000000e6b00000, 0x00000000e6b00000, 0x00000000e6c00000|  0%| F|  |TAMS 0x00000000e6b00000, 0x00000000e6b00000| Untracked 
| 108|0x00000000e6c00000, 0x00000000e6c00000, 0x00000000e6d00000|  0%| F|  |TAMS 0x00000000e6c00000, 0x00000000e6c00000| Untracked 
| 109|0x00000000e6d00000, 0x00000000e6d00000, 0x00000000e6e00000|  0%| F|  |TAMS 0x00000000e6d00000, 0x00000000e6d00000| Untracked 
| 110|0x00000000e6e00000, 0x00000000e6e00000, 0x00000000e6f00000|  0%| F|  |TAMS 0x00000000e6e00000, 0x00000000e6e00000| Untracked 
| 111|0x00000000e6f00000, 0x00000000e6f00000, 0x00000000e7000000|  0%| F|  |TAMS 0x00000000e6f00000, 0x00000000e6f00000| Untracked 
| 112|0x00000000e7000000, 0x00000000e7000000, 0x00000000e7100000|  0%| F|  |TAMS 0x00000000e7000000, 0x00000000e7000000| Untracked 
| 113|0x00000000e7100000, 0x00000000e7100000, 0x00000000e7200000|  0%| F|  |TAMS 0x00000000e7100000, 0x00000000e7100000| Untracked 
| 114|0x00000000e7200000, 0x00000000e7200000, 0x00000000e7300000|  0%| F|  |TAMS 0x00000000e7200000, 0x00000000e7200000| Untracked 
| 115|0x00000000e7300000, 0x00000000e7300000, 0x00000000e7400000|  0%| F|  |TAMS 0x00000000e7300000, 0x00000000e7300000| Untracked 
| 116|0x00000000e7400000, 0x00000000e7400000, 0x00000000e7500000|  0%| F|  |TAMS 0x00000000e7400000, 0x00000000e7400000| Untracked 
| 117|0x00000000e7500000, 0x00000000e7500000, 0x00000000e7600000|  0%| F|  |TAMS 0x00000000e7500000, 0x00000000e7500000| Untracked 
| 118|0x00000000e7600000, 0x00000000e7700000, 0x00000000e7700000|100%| E|  |TAMS 0x00000000e7600000, 0x00000000e7600000| Complete 
| 119|0x00000000e7700000, 0x00000000e7800000, 0x00000000e7800000|100%| E|CS|TAMS 0x00000000e7700000, 0x00000000e7700000| Complete 
| 120|0x00000000e7800000, 0x00000000e7900000, 0x00000000e7900000|100%| E|CS|TAMS 0x00000000e7800000, 0x00000000e7800000| Complete 
| 121|0x00000000e7900000, 0x00000000e7a00000, 0x00000000e7a00000|100%| E|CS|TAMS 0x00000000e7900000, 0x00000000e7900000| Complete 
| 122|0x00000000e7a00000, 0x00000000e7b00000, 0x00000000e7b00000|100%| E|CS|TAMS 0x00000000e7a00000, 0x00000000e7a00000| Complete 
| 123|0x00000000e7b00000, 0x00000000e7c00000, 0x00000000e7c00000|100%| E|CS|TAMS 0x00000000e7b00000, 0x00000000e7b00000| Complete 
| 124|0x00000000e7c00000, 0x00000000e7d00000, 0x00000000e7d00000|100%| E|CS|TAMS 0x00000000e7c00000, 0x00000000e7c00000| Complete 
| 125|0x00000000e7d00000, 0x00000000e7e00000, 0x00000000e7e00000|100%| E|CS|TAMS 0x00000000e7d00000, 0x00000000e7d00000| Complete 
| 126|0x00000000e7e00000, 0x00000000e7f00000, 0x00000000e7f00000|100%| E|CS|TAMS 0x00000000e7e00000, 0x00000000e7e00000| Complete 
| 127|0x00000000e7f00000, 0x00000000e8000000, 0x00000000e8000000|100%| E|CS|TAMS 0x00000000e7f00000, 0x00000000e7f00000| Complete 
| 128|0x00000000e8000000, 0x00000000e8100000, 0x00000000e8100000|100%| E|CS|TAMS 0x00000000e8000000, 0x00000000e8000000| Complete 
| 129|0x00000000e8100000, 0x00000000e8200000, 0x00000000e8200000|100%| E|CS|TAMS 0x00000000e8100000, 0x00000000e8100000| Complete 
| 130|0x00000000e8200000, 0x00000000e8300000, 0x00000000e8300000|100%| E|CS|TAMS 0x00000000e8200000, 0x00000000e8200000| Complete 
| 131|0x00000000e8300000, 0x00000000e8400000, 0x00000000e8400000|100%| E|CS|TAMS 0x00000000e8300000, 0x00000000e8300000| Complete 
| 132|0x00000000e8400000, 0x00000000e8500000, 0x00000000e8500000|100%| E|CS|TAMS 0x00000000e8400000, 0x00000000e8400000| Complete 
| 133|0x00000000e8500000, 0x00000000e8600000, 0x00000000e8600000|100%| E|CS|TAMS 0x00000000e8500000, 0x00000000e8500000| Complete 
| 134|0x00000000e8600000, 0x00000000e8700000, 0x00000000e8700000|100%| E|CS|TAMS 0x00000000e8600000, 0x00000000e8600000| Complete 
| 135|0x00000000e8700000, 0x00000000e8800000, 0x00000000e8800000|100%| E|CS|TAMS 0x00000000e8700000, 0x00000000e8700000| Complete 
| 136|0x00000000e8800000, 0x00000000e8900000, 0x00000000e8900000|100%| E|CS|TAMS 0x00000000e8800000, 0x00000000e8800000| Complete 
| 137|0x00000000e8900000, 0x00000000e8a00000, 0x00000000e8a00000|100%| E|CS|TAMS 0x00000000e8900000, 0x00000000e8900000| Complete 
| 138|0x00000000e8a00000, 0x00000000e8b00000, 0x00000000e8b00000|100%| E|CS|TAMS 0x00000000e8a00000, 0x00000000e8a00000| Complete 
| 139|0x00000000e8b00000, 0x00000000e8c00000, 0x00000000e8c00000|100%| E|CS|TAMS 0x00000000e8b00000, 0x00000000e8b00000| Complete 
| 140|0x00000000e8c00000, 0x00000000e8d00000, 0x00000000e8d00000|100%| E|CS|TAMS 0x00000000e8c00000, 0x00000000e8c00000| Complete 
| 141|0x00000000e8d00000, 0x00000000e8e00000, 0x00000000e8e00000|100%| E|CS|TAMS 0x00000000e8d00000, 0x00000000e8d00000| Complete 
| 142|0x00000000e8e00000, 0x00000000e8f00000, 0x00000000e8f00000|100%| E|CS|TAMS 0x00000000e8e00000, 0x00000000e8e00000| Complete 
| 143|0x00000000e8f00000, 0x00000000e9000000, 0x00000000e9000000|100%| E|CS|TAMS 0x00000000e8f00000, 0x00000000e8f00000| Complete 
| 144|0x00000000e9000000, 0x00000000e9100000, 0x00000000e9100000|100%| E|CS|TAMS 0x00000000e9000000, 0x00000000e9000000| Complete 
| 145|0x00000000e9100000, 0x00000000e9200000, 0x00000000e9200000|100%| E|CS|TAMS 0x00000000e9100000, 0x00000000e9100000| Complete 
| 146|0x00000000e9200000, 0x00000000e9300000, 0x00000000e9300000|100%| E|CS|TAMS 0x00000000e9200000, 0x00000000e9200000| Complete 
| 147|0x00000000e9300000, 0x00000000e9400000, 0x00000000e9400000|100%| E|CS|TAMS 0x00000000e9300000, 0x00000000e9300000| Complete 
| 148|0x00000000e9400000, 0x00000000e9500000, 0x00000000e9500000|100%| E|CS|TAMS 0x00000000e9400000, 0x00000000e9400000| Complete 
| 149|0x00000000e9500000, 0x00000000e9600000, 0x00000000e9600000|100%| E|CS|TAMS 0x00000000e9500000, 0x00000000e9500000| Complete 
| 150|0x00000000e9600000, 0x00000000e9700000, 0x00000000e9700000|100%| E|CS|TAMS 0x00000000e9600000, 0x00000000e9600000| Complete 
| 151|0x00000000e9700000, 0x00000000e9800000, 0x00000000e9800000|100%| E|CS|TAMS 0x00000000e9700000, 0x00000000e9700000| Complete 
| 152|0x00000000e9800000, 0x00000000e9900000, 0x00000000e9900000|100%| E|CS|TAMS 0x00000000e9800000, 0x00000000e9800000| Complete 
| 153|0x00000000e9900000, 0x00000000e9a00000, 0x00000000e9a00000|100%| E|CS|TAMS 0x00000000e9900000, 0x00000000e9900000| Complete 
| 154|0x00000000e9a00000, 0x00000000e9b00000, 0x00000000e9b00000|100%| E|CS|TAMS 0x00000000e9a00000, 0x00000000e9a00000| Complete 
| 155|0x00000000e9b00000, 0x00000000e9c00000, 0x00000000e9c00000|100%| E|CS|TAMS 0x00000000e9b00000, 0x00000000e9b00000| Complete 
| 156|0x00000000e9c00000, 0x00000000e9d00000, 0x00000000e9d00000|100%| E|CS|TAMS 0x00000000e9c00000, 0x00000000e9c00000| Complete 
| 157|0x00000000e9d00000, 0x00000000e9e00000, 0x00000000e9e00000|100%| E|CS|TAMS 0x00000000e9d00000, 0x00000000e9d00000| Complete 
| 158|0x00000000e9e00000, 0x00000000e9f00000, 0x00000000e9f00000|100%| E|CS|TAMS 0x00000000e9e00000, 0x00000000e9e00000| Complete 
| 159|0x00000000e9f00000, 0x00000000ea000000, 0x00000000ea000000|100%| E|CS|TAMS 0x00000000e9f00000, 0x00000000e9f00000| Complete 
| 160|0x00000000ea000000, 0x00000000ea100000, 0x00000000ea100000|100%| E|CS|TAMS 0x00000000ea000000, 0x00000000ea000000| Complete 
| 161|0x00000000ea100000, 0x00000000ea200000, 0x00000000ea200000|100%| E|CS|TAMS 0x00000000ea100000, 0x00000000ea100000| Complete 
| 162|0x00000000ea200000, 0x00000000ea300000, 0x00000000ea300000|100%| E|CS|TAMS 0x00000000ea200000, 0x00000000ea200000| Complete 
| 163|0x00000000ea300000, 0x00000000ea400000, 0x00000000ea400000|100%| E|CS|TAMS 0x00000000ea300000, 0x00000000ea300000| Complete 
| 164|0x00000000ea400000, 0x00000000ea500000, 0x00000000ea500000|100%| E|CS|TAMS 0x00000000ea400000, 0x00000000ea400000| Complete 
| 165|0x00000000ea500000, 0x00000000ea600000, 0x00000000ea600000|100%| E|CS|TAMS 0x00000000ea500000, 0x00000000ea500000| Complete 
| 166|0x00000000ea600000, 0x00000000ea700000, 0x00000000ea700000|100%| E|CS|TAMS 0x00000000ea600000, 0x00000000ea600000| Complete 
| 167|0x00000000ea700000, 0x00000000ea800000, 0x00000000ea800000|100%| E|CS|TAMS 0x00000000ea700000, 0x00000000ea700000| Complete 
| 168|0x00000000ea800000, 0x00000000ea900000, 0x00000000ea900000|100%| E|CS|TAMS 0x00000000ea800000, 0x00000000ea800000| Complete 
| 169|0x00000000ea900000, 0x00000000eaa00000, 0x00000000eaa00000|100%| E|CS|TAMS 0x00000000ea900000, 0x00000000ea900000| Complete 
| 170|0x00000000eaa00000, 0x00000000eab00000, 0x00000000eab00000|100%| E|CS|TAMS 0x00000000eaa00000, 0x00000000eaa00000| Complete 
| 171|0x00000000eab00000, 0x00000000eac00000, 0x00000000eac00000|100%| E|CS|TAMS 0x00000000eab00000, 0x00000000eab00000| Complete 
| 172|0x00000000eac00000, 0x00000000ead00000, 0x00000000ead00000|100%| E|CS|TAMS 0x00000000eac00000, 0x00000000eac00000| Complete 
| 173|0x00000000ead00000, 0x00000000eae00000, 0x00000000eae00000|100%| E|CS|TAMS 0x00000000ead00000, 0x00000000ead00000| Complete 
| 174|0x00000000eae00000, 0x00000000eaf00000, 0x00000000eaf00000|100%| E|CS|TAMS 0x00000000eae00000, 0x00000000eae00000| Complete 
| 175|0x00000000eaf00000, 0x00000000eb000000, 0x00000000eb000000|100%| E|CS|TAMS 0x00000000eaf00000, 0x00000000eaf00000| Complete 
| 176|0x00000000eb000000, 0x00000000eb100000, 0x00000000eb100000|100%| E|CS|TAMS 0x00000000eb000000, 0x00000000eb000000| Complete 
| 177|0x00000000eb100000, 0x00000000eb200000, 0x00000000eb200000|100%| E|CS|TAMS 0x00000000eb100000, 0x00000000eb100000| Complete 
| 178|0x00000000eb200000, 0x00000000eb300000, 0x00000000eb300000|100%| E|CS|TAMS 0x00000000eb200000, 0x00000000eb200000| Complete 
| 179|0x00000000eb300000, 0x00000000eb400000, 0x00000000eb400000|100%| E|CS|TAMS 0x00000000eb300000, 0x00000000eb300000| Complete 
| 180|0x00000000eb400000, 0x00000000eb500000, 0x00000000eb500000|100%| E|CS|TAMS 0x00000000eb400000, 0x00000000eb400000| Complete 
| 181|0x00000000eb500000, 0x00000000eb600000, 0x00000000eb600000|100%| E|CS|TAMS 0x00000000eb500000, 0x00000000eb500000| Complete 
| 182|0x00000000eb600000, 0x00000000eb700000, 0x00000000eb700000|100%| E|CS|TAMS 0x00000000eb600000, 0x00000000eb600000| Complete 
| 183|0x00000000eb700000, 0x00000000eb800000, 0x00000000eb800000|100%| E|CS|TAMS 0x00000000eb700000, 0x00000000eb700000| Complete 
| 184|0x00000000eb800000, 0x00000000eb900000, 0x00000000eb900000|100%| E|CS|TAMS 0x00000000eb800000, 0x00000000eb800000| Complete 
| 185|0x00000000eb900000, 0x00000000eba00000, 0x00000000eba00000|100%| E|CS|TAMS 0x00000000eb900000, 0x00000000eb900000| Complete 
| 186|0x00000000eba00000, 0x00000000ebb00000, 0x00000000ebb00000|100%| E|CS|TAMS 0x00000000eba00000, 0x00000000eba00000| Complete 
| 187|0x00000000ebb00000, 0x00000000ebc00000, 0x00000000ebc00000|100%| E|CS|TAMS 0x00000000ebb00000, 0x00000000ebb00000| Complete 
| 188|0x00000000ebc00000, 0x00000000ebd00000, 0x00000000ebd00000|100%| E|CS|TAMS 0x00000000ebc00000, 0x00000000ebc00000| Complete 
| 189|0x00000000ebd00000, 0x00000000ebe00000, 0x00000000ebe00000|100%| E|CS|TAMS 0x00000000ebd00000, 0x00000000ebd00000| Complete 
| 190|0x00000000ebe00000, 0x00000000ebf00000, 0x00000000ebf00000|100%| E|CS|TAMS 0x00000000ebe00000, 0x00000000ebe00000| Complete 
| 191|0x00000000ebf00000, 0x00000000ec000000, 0x00000000ec000000|100%| E|CS|TAMS 0x00000000ebf00000, 0x00000000ebf00000| Complete 
| 192|0x00000000ec000000, 0x00000000ec100000, 0x00000000ec100000|100%| E|CS|TAMS 0x00000000ec000000, 0x00000000ec000000| Complete 
| 193|0x00000000ec100000, 0x00000000ec200000, 0x00000000ec200000|100%| E|CS|TAMS 0x00000000ec100000, 0x00000000ec100000| Complete 
| 194|0x00000000ec200000, 0x00000000ec300000, 0x00000000ec300000|100%| E|CS|TAMS 0x00000000ec200000, 0x00000000ec200000| Complete 
| 195|0x00000000ec300000, 0x00000000ec400000, 0x00000000ec400000|100%| E|CS|TAMS 0x00000000ec300000, 0x00000000ec300000| Complete 
| 196|0x00000000ec400000, 0x00000000ec500000, 0x00000000ec500000|100%| E|CS|TAMS 0x00000000ec400000, 0x00000000ec400000| Complete 
| 197|0x00000000ec500000, 0x00000000ec600000, 0x00000000ec600000|100%| E|CS|TAMS 0x00000000ec500000, 0x00000000ec500000| Complete 
| 198|0x00000000ec600000, 0x00000000ec700000, 0x00000000ec700000|100%| E|CS|TAMS 0x00000000ec600000, 0x00000000ec600000| Complete 
| 199|0x00000000ec700000, 0x00000000ec800000, 0x00000000ec800000|100%| E|CS|TAMS 0x00000000ec700000, 0x00000000ec700000| Complete 
| 200|0x00000000ec800000, 0x00000000ec900000, 0x00000000ec900000|100%| E|CS|TAMS 0x00000000ec800000, 0x00000000ec800000| Complete 
| 201|0x00000000ec900000, 0x00000000eca00000, 0x00000000eca00000|100%| E|CS|TAMS 0x00000000ec900000, 0x00000000ec900000| Complete 
| 202|0x00000000eca00000, 0x00000000ecb00000, 0x00000000ecb00000|100%| E|CS|TAMS 0x00000000eca00000, 0x00000000eca00000| Complete 
| 203|0x00000000ecb00000, 0x00000000ecc00000, 0x00000000ecc00000|100%| E|CS|TAMS 0x00000000ecb00000, 0x00000000ecb00000| Complete 
| 204|0x00000000ecc00000, 0x00000000ecd00000, 0x00000000ecd00000|100%| E|CS|TAMS 0x00000000ecc00000, 0x00000000ecc00000| Complete 
| 205|0x00000000ecd00000, 0x00000000ece00000, 0x00000000ece00000|100%| E|CS|TAMS 0x00000000ecd00000, 0x00000000ecd00000| Complete 
| 206|0x00000000ece00000, 0x00000000ecf00000, 0x00000000ecf00000|100%| E|CS|TAMS 0x00000000ece00000, 0x00000000ece00000| Complete 
| 207|0x00000000ecf00000, 0x00000000ed000000, 0x00000000ed000000|100%| E|CS|TAMS 0x00000000ecf00000, 0x00000000ecf00000| Complete 
| 208|0x00000000ed000000, 0x00000000ed100000, 0x00000000ed100000|100%| E|CS|TAMS 0x00000000ed000000, 0x00000000ed000000| Complete 
| 209|0x00000000ed100000, 0x00000000ed200000, 0x00000000ed200000|100%| E|CS|TAMS 0x00000000ed100000, 0x00000000ed100000| Complete 
| 210|0x00000000ed200000, 0x00000000ed300000, 0x00000000ed300000|100%| E|CS|TAMS 0x00000000ed200000, 0x00000000ed200000| Complete 
| 211|0x00000000ed300000, 0x00000000ed400000, 0x00000000ed400000|100%| E|CS|TAMS 0x00000000ed300000, 0x00000000ed300000| Complete 
| 212|0x00000000ed400000, 0x00000000ed500000, 0x00000000ed500000|100%| E|CS|TAMS 0x00000000ed400000, 0x00000000ed400000| Complete 
| 213|0x00000000ed500000, 0x00000000ed600000, 0x00000000ed600000|100%| E|CS|TAMS 0x00000000ed500000, 0x00000000ed500000| Complete 
| 214|0x00000000ed600000, 0x00000000ed700000, 0x00000000ed700000|100%| E|CS|TAMS 0x00000000ed600000, 0x00000000ed600000| Complete 
| 215|0x00000000ed700000, 0x00000000ed800000, 0x00000000ed800000|100%| E|CS|TAMS 0x00000000ed700000, 0x00000000ed700000| Complete 
| 216|0x00000000ed800000, 0x00000000ed900000, 0x00000000ed900000|100%| E|CS|TAMS 0x00000000ed800000, 0x00000000ed800000| Complete 
| 217|0x00000000ed900000, 0x00000000eda00000, 0x00000000eda00000|100%| E|CS|TAMS 0x00000000ed900000, 0x00000000ed900000| Complete 
| 218|0x00000000eda00000, 0x00000000edb00000, 0x00000000edb00000|100%| E|CS|TAMS 0x00000000eda00000, 0x00000000eda00000| Complete 
| 219|0x00000000edb00000, 0x00000000edc00000, 0x00000000edc00000|100%| E|CS|TAMS 0x00000000edb00000, 0x00000000edb00000| Complete 
| 220|0x00000000edc00000, 0x00000000edd00000, 0x00000000edd00000|100%| E|CS|TAMS 0x00000000edc00000, 0x00000000edc00000| Complete 
| 221|0x00000000edd00000, 0x00000000ede00000, 0x00000000ede00000|100%| E|CS|TAMS 0x00000000edd00000, 0x00000000edd00000| Complete 
| 222|0x00000000ede00000, 0x00000000edf00000, 0x00000000edf00000|100%| E|CS|TAMS 0x00000000ede00000, 0x00000000ede00000| Complete 
| 223|0x00000000edf00000, 0x00000000ee000000, 0x00000000ee000000|100%| E|CS|TAMS 0x00000000edf00000, 0x00000000edf00000| Complete 
| 224|0x00000000ee000000, 0x00000000ee100000, 0x00000000ee100000|100%| E|  |TAMS 0x00000000ee000000, 0x00000000ee000000| Complete 
| 225|0x00000000ee100000, 0x00000000ee200000, 0x00000000ee200000|100%| E|CS|TAMS 0x00000000ee100000, 0x00000000ee100000| Complete 
| 226|0x00000000ee200000, 0x00000000ee300000, 0x00000000ee300000|100%| E|CS|TAMS 0x00000000ee200000, 0x00000000ee200000| Complete 
| 227|0x00000000ee300000, 0x00000000ee400000, 0x00000000ee400000|100%| E|CS|TAMS 0x00000000ee300000, 0x00000000ee300000| Complete 
| 228|0x00000000ee400000, 0x00000000ee500000, 0x00000000ee500000|100%| E|CS|TAMS 0x00000000ee400000, 0x00000000ee400000| Complete 
| 229|0x00000000ee500000, 0x00000000ee600000, 0x00000000ee600000|100%| E|CS|TAMS 0x00000000ee500000, 0x00000000ee500000| Complete 
| 230|0x00000000ee600000, 0x00000000ee700000, 0x00000000ee700000|100%| E|CS|TAMS 0x00000000ee600000, 0x00000000ee600000| Complete 
| 231|0x00000000ee700000, 0x00000000ee800000, 0x00000000ee800000|100%| E|CS|TAMS 0x00000000ee700000, 0x00000000ee700000| Complete 
| 232|0x00000000ee800000, 0x00000000ee900000, 0x00000000ee900000|100%| E|CS|TAMS 0x00000000ee800000, 0x00000000ee800000| Complete 
| 233|0x00000000ee900000, 0x00000000eea00000, 0x00000000eea00000|100%| E|CS|TAMS 0x00000000ee900000, 0x00000000ee900000| Complete 
| 234|0x00000000eea00000, 0x00000000eeb00000, 0x00000000eeb00000|100%| E|CS|TAMS 0x00000000eea00000, 0x00000000eea00000| Complete 
| 235|0x00000000eeb00000, 0x00000000eec00000, 0x00000000eec00000|100%| E|CS|TAMS 0x00000000eeb00000, 0x00000000eeb00000| Complete 
| 236|0x00000000eec00000, 0x00000000eed00000, 0x00000000eed00000|100%| E|CS|TAMS 0x00000000eec00000, 0x00000000eec00000| Complete 
| 237|0x00000000eed00000, 0x00000000eee00000, 0x00000000eee00000|100%| E|CS|TAMS 0x00000000eed00000, 0x00000000eed00000| Complete 
| 238|0x00000000eee00000, 0x00000000eef00000, 0x00000000eef00000|100%| E|CS|TAMS 0x00000000eee00000, 0x00000000eee00000| Complete 
| 239|0x00000000eef00000, 0x00000000ef000000, 0x00000000ef000000|100%| E|CS|TAMS 0x00000000eef00000, 0x00000000eef00000| Complete 
| 240|0x00000000ef000000, 0x00000000ef100000, 0x00000000ef100000|100%| E|CS|TAMS 0x00000000ef000000, 0x00000000ef000000| Complete 
| 241|0x00000000ef100000, 0x00000000ef200000, 0x00000000ef200000|100%| E|CS|TAMS 0x00000000ef100000, 0x00000000ef100000| Complete 
| 242|0x00000000ef200000, 0x00000000ef300000, 0x00000000ef300000|100%| E|CS|TAMS 0x00000000ef200000, 0x00000000ef200000| Complete 
| 243|0x00000000ef300000, 0x00000000ef400000, 0x00000000ef400000|100%| E|CS|TAMS 0x00000000ef300000, 0x00000000ef300000| Complete 
| 244|0x00000000ef400000, 0x00000000ef500000, 0x00000000ef500000|100%| E|CS|TAMS 0x00000000ef400000, 0x00000000ef400000| Complete 
| 245|0x00000000ef500000, 0x00000000ef600000, 0x00000000ef600000|100%| E|CS|TAMS 0x00000000ef500000, 0x00000000ef500000| Complete 
| 246|0x00000000ef600000, 0x00000000ef700000, 0x00000000ef700000|100%| E|CS|TAMS 0x00000000ef600000, 0x00000000ef600000| Complete 
| 247|0x00000000ef700000, 0x00000000ef800000, 0x00000000ef800000|100%| E|CS|TAMS 0x00000000ef700000, 0x00000000ef700000| Complete 
| 248|0x00000000ef800000, 0x00000000ef900000, 0x00000000ef900000|100%| E|CS|TAMS 0x00000000ef800000, 0x00000000ef800000| Complete 
| 249|0x00000000ef900000, 0x00000000efa00000, 0x00000000efa00000|100%| E|CS|TAMS 0x00000000ef900000, 0x00000000ef900000| Complete 
| 250|0x00000000efa00000, 0x00000000efb00000, 0x00000000efb00000|100%| E|CS|TAMS 0x00000000efa00000, 0x00000000efa00000| Complete 
| 251|0x00000000efb00000, 0x00000000efc00000, 0x00000000efc00000|100%| E|CS|TAMS 0x00000000efb00000, 0x00000000efb00000| Complete 
| 252|0x00000000efc00000, 0x00000000efd00000, 0x00000000efd00000|100%| E|CS|TAMS 0x00000000efc00000, 0x00000000efc00000| Complete 
| 253|0x00000000efd00000, 0x00000000efe00000, 0x00000000efe00000|100%| E|CS|TAMS 0x00000000efd00000, 0x00000000efd00000| Complete 
| 254|0x00000000efe00000, 0x00000000efe64820, 0x00000000eff00000| 39%| S|CS|TAMS 0x00000000efe00000, 0x00000000efe00000| Complete 
| 255|0x00000000eff00000, 0x00000000f0000000, 0x00000000f0000000|100%| E|CS|TAMS 0x00000000eff00000, 0x00000000eff00000| Complete 

Card table byte_map: [0x0000027b33e50000,0x0000027b33f50000] _byte_map_base: 0x0000027b33750000

Marking Bits (Prev, Next): (CMBitMap*) 0x0000027b1d33df70, (CMBitMap*) 0x0000027b1d33dfb0
 Prev Bits: [0x0000027b34050000, 0x0000027b34850000)
 Next Bits: [0x0000027b34850000, 0x0000027b35050000)

Polling page: 0x0000027b1b2e0000

Metaspace:

Usage:
  Non-class:     41.26 MB used.
      Class:      6.85 MB used.
       Both:     48.11 MB used.

Virtual space:
  Non-class space:       64.00 MB reserved,      41.56 MB ( 65%) committed,  1 nodes.
      Class space:      320.00 MB reserved,       7.06 MB (  2%) committed,  1 nodes.
             Both:      384.00 MB reserved,      48.62 MB ( 13%) committed. 

Chunk freelists:
   Non-Class:  6.16 MB
       Class:  8.94 MB
        Both:  15.09 MB

MaxMetaspaceSize: 384.00 MB
CompressedClassSpaceSize: 320.00 MB
Initial GC threshold: 21.00 MB
Current GC threshold: 59.19 MB
CDS: on
MetaspaceReclaimPolicy: balanced
 - commit_granule_bytes: 65536.
 - commit_granule_words: 8192.
 - virtual_space_node_default_size: 8388608.
 - enlarge_chunks_in_place: 1.
 - new_chunks_are_fully_committed: 0.
 - uncommit_free_chunks: 1.
 - use_allocation_guard: 0.
 - handle_deallocations: 1.


Internal statistics:

num_allocs_failed_limit: 9.
num_arena_births: 566.
num_arena_deaths: 0.
num_vsnodes_births: 2.
num_vsnodes_deaths: 0.
num_space_committed: 778.
num_space_uncommitted: 0.
num_chunks_returned_to_freelist: 9.
num_chunks_taken_from_freelist: 2595.
num_chunk_merges: 9.
num_chunk_splits: 1669.
num_chunks_enlarged: 1111.
num_inconsistent_stats: 0.

CodeHeap 'non-profiled nmethods': size=120000Kb used=3136Kb max_used=3136Kb free=116863Kb
 bounds [0x0000027b2c920000, 0x0000027b2cc40000, 0x0000027b33e50000]
CodeHeap 'profiled nmethods': size=120000Kb used=10734Kb max_used=10734Kb free=109265Kb
 bounds [0x0000027b24e50000, 0x0000027b258d0000, 0x0000027b2c380000]
CodeHeap 'non-nmethods': size=5760Kb used=2333Kb max_used=2415Kb free=3426Kb
 bounds [0x0000027b2c380000, 0x0000027b2c5f0000, 0x0000027b2c920000]
 total_blobs=6277 nmethods=5426 adapters=763
 compilation: enabled
              stopped_count=0, restarted_count=0
 full_count=0

Compilation events (20 events):
Event: 62.980 Thread 0x0000027b376413a0 nmethod 6179 0x0000027b258c8510 code [0x0000027b258c86c0, 0x0000027b258c8868]
Event: 62.981 Thread 0x0000027b376413a0 6180       3       java.util.zip.ZipFile$Source$Key::hashCode (46 bytes)
Event: 62.981 Thread 0x0000027b376413a0 nmethod 6180 0x0000027b258c8910 code [0x0000027b258c8b00, 0x0000027b258c8f18]
Event: 62.982 Thread 0x0000027b376413a0 6181       3       org.objectweb.asm.MethodWriter::visitLabel (332 bytes)
Event: 62.982 Thread 0x0000027b376413a0 nmethod 6181 0x0000027b258c9110 code [0x0000027b258c9380, 0x0000027b258ca128]
Event: 62.982 Thread 0x0000027b376413a0 6183       3       org.objectweb.asm.Label::resolve (259 bytes)
Event: 62.982 Thread 0x0000027b37640a90 6184       4       org.objectweb.asm.ByteVector::putByteArray (49 bytes)
Event: 62.983 Thread 0x0000027b376413a0 nmethod 6183 0x0000027b258ca390 code [0x0000027b258ca580, 0x0000027b258cab78]
Event: 62.983 Thread 0x0000027b376413a0 6182       3       org.objectweb.asm.MethodWriter::visitCode (1 bytes)
Event: 62.983 Thread 0x0000027b376413a0 nmethod 6182 0x0000027b258caf10 code [0x0000027b258cb0a0, 0x0000027b258cb1b8]
Event: 62.983 Thread 0x0000027b37640a90 nmethod 6184 0x0000027b2cc2f490 code [0x0000027b2cc2f600, 0x0000027b2cc2f778]
Event: 62.984 Thread 0x0000027b376413a0 6185       3       java.lang.StringLatin1::lastIndexOf (125 bytes)
Event: 62.984 Thread 0x0000027b376413a0 nmethod 6185 0x0000027b258cb290 code [0x0000027b258cb460, 0x0000027b258cb8f8]
Event: 62.986 Thread 0x0000027b376413a0 6186       1       org.gradle.api.internal.collections.AbstractIterationOrderRetainingElementSource$ValuePointer::getElement (5 bytes)
Event: 62.986 Thread 0x0000027b376413a0 nmethod 6186 0x0000027b2cc2f890 code [0x0000027b2cc2fa20, 0x0000027b2cc2faf8]
Event: 62.986 Thread 0x0000027b376413a0 6187       1       org.gradle.api.internal.collections.AbstractIterationOrderRetainingElementSource$ValuePointer::getIndex (5 bytes)
Event: 62.986 Thread 0x0000027b376413a0 nmethod 6187 0x0000027b2cc2fb90 code [0x0000027b2cc2fd20, 0x0000027b2cc2fdf8]
Event: 62.986 Thread 0x0000027b376413a0 6188       1       it.unimi.dsi.fastutil.ints.IntCollections$EmptyCollection::contains (2 bytes)
Event: 62.986 Thread 0x0000027b376413a0 nmethod 6188 0x0000027b2cc2fe90 code [0x0000027b2cc30020, 0x0000027b2cc300f8]
Event: 63.429 Thread 0x0000027b37640a90 6189 % !   4       java.util.jar.Attributes::read @ 12 (494 bytes)

GC Heap History (14 events):
Event: 7.972 GC heap before
{Heap before GC invocations=0 (full 0):
 garbage-first heap   total 262144K, used 13312K [0x00000000e0000000, 0x0000000100000000)
  region size 1024K, 13 young (13312K), 0 survivors (0K)
 Metaspace       used 810K, committed 896K, reserved 393216K
  class space    used 66K, committed 128K, reserved 327680K
}
Event: 7.977 GC heap after
{Heap after GC invocations=1 (full 0):
 garbage-first heap   total 262144K, used 1404K [0x00000000e0000000, 0x0000000100000000)
  region size 1024K, 2 young (2048K), 2 survivors (2048K)
 Metaspace       used 810K, committed 896K, reserved 393216K
  class space    used 66K, committed 128K, reserved 327680K
}
Event: 20.804 GC heap before
{Heap before GC invocations=1 (full 0):
 garbage-first heap   total 262144K, used 21884K [0x00000000e0000000, 0x0000000100000000)
  region size 1024K, 20 young (20480K), 2 survivors (2048K)
 Metaspace       used 2543K, committed 2752K, reserved 393216K
  class space    used 274K, committed 384K, reserved 327680K
}
Event: 20.807 GC heap after
{Heap after GC invocations=2 (full 0):
 garbage-first heap   total 262144K, used 9725K [0x00000000e0000000, 0x0000000100000000)
  region size 1024K, 3 young (3072K), 3 survivors (3072K)
 Metaspace       used 2543K, committed 2752K, reserved 393216K
  class space    used 274K, committed 384K, reserved 327680K
}
Event: 45.019 GC heap before
{Heap before GC invocations=2 (full 0):
 garbage-first heap   total 262144K, used 165373K [0x00000000e0000000, 0x0000000100000000)
  region size 1024K, 153 young (156672K), 3 survivors (3072K)
 Metaspace       used 18445K, committed 18752K, reserved 393216K
  class space    used 2674K, committed 2816K, reserved 327680K
}
Event: 45.030 GC heap after
{Heap after GC invocations=3 (full 0):
 garbage-first heap   total 262144K, used 22221K [0x00000000e0000000, 0x0000000100000000)
  region size 1024K, 15 young (15360K), 15 survivors (15360K)
 Metaspace       used 18445K, committed 18752K, reserved 393216K
  class space    used 2674K, committed 2816K, reserved 327680K
}
Event: 46.039 GC heap before
{Heap before GC invocations=3 (full 0):
 garbage-first heap   total 262144K, used 45773K [0x00000000e0000000, 0x0000000100000000)
  region size 1024K, 39 young (39936K), 15 survivors (15360K)
 Metaspace       used 21161K, committed 21504K, reserved 393216K
  class space    used 3089K, committed 3264K, reserved 327680K
}
Event: 46.049 GC heap after
{Heap after GC invocations=4 (full 0):
 garbage-first heap   total 262144K, used 24826K [0x00000000e0000000, 0x0000000100000000)
  region size 1024K, 3 young (3072K), 3 survivors (3072K)
 Metaspace       used 21161K, committed 21504K, reserved 393216K
  class space    used 3089K, committed 3264K, reserved 327680K
}
Event: 52.634 GC heap before
{Heap before GC invocations=5 (full 0):
 garbage-first heap   total 262144K, used 145658K [0x00000000e0000000, 0x0000000100000000)
  region size 1024K, 118 young (120832K), 3 survivors (3072K)
 Metaspace       used 35591K, committed 35968K, reserved 393216K
  class space    used 4950K, committed 5120K, reserved 327680K
}
Event: 52.641 GC heap after
{Heap after GC invocations=6 (full 0):
 garbage-first heap   total 262144K, used 32039K [0x00000000e0000000, 0x0000000100000000)
  region size 1024K, 10 young (10240K), 10 survivors (10240K)
 Metaspace       used 35591K, committed 35968K, reserved 393216K
  class space    used 4950K, committed 5120K, reserved 327680K
}
Event: 52.835 GC heap before
{Heap before GC invocations=6 (full 0):
 garbage-first heap   total 262144K, used 33063K [0x00000000e0000000, 0x0000000100000000)
  region size 1024K, 12 young (12288K), 10 survivors (10240K)
 Metaspace       used 35809K, committed 36224K, reserved 393216K
  class space    used 4988K, committed 5184K, reserved 327680K
}
Event: 52.841 GC heap after
{Heap after GC invocations=7 (full 0):
 garbage-first heap   total 262144K, used 32686K [0x00000000e0000000, 0x0000000100000000)
  region size 1024K, 2 young (2048K), 2 survivors (2048K)
 Metaspace       used 35809K, committed 36224K, reserved 393216K
  class space    used 4988K, committed 5184K, reserved 327680K
}
Event: 52.859 GC heap before
{Heap before GC invocations=7 (full 0):
 garbage-first heap   total 262144K, used 32686K [0x00000000e0000000, 0x0000000100000000)
  region size 1024K, 3 young (3072K), 2 survivors (2048K)
 Metaspace       used 35920K, committed 36288K, reserved 393216K
  class space    used 5000K, committed 5184K, reserved 327680K
}
Event: 52.860 GC heap after
{Heap after GC invocations=8 (full 0):
 garbage-first heap   total 262144K, used 31690K [0x00000000e0000000, 0x0000000100000000)
  region size 1024K, 1 young (1024K), 1 survivors (1024K)
 Metaspace       used 35920K, committed 36288K, reserved 393216K
  class space    used 5000K, committed 5184K, reserved 327680K
}

Dll operation events (15 events):
Event: 0.064 Loaded shared library C:\OpenJDK17U-jdk_x64_windows_hotspot_17.0.12_7\jdk-17.0.12+7\bin\java.dll
Event: 0.084 Loaded shared library C:\OpenJDK17U-jdk_x64_windows_hotspot_17.0.12_7\jdk-17.0.12+7\bin\jsvml.dll
Event: 0.142 Loaded shared library C:\OpenJDK17U-jdk_x64_windows_hotspot_17.0.12_7\jdk-17.0.12+7\bin\zip.dll
Event: 0.150 Loaded shared library C:\OpenJDK17U-jdk_x64_windows_hotspot_17.0.12_7\jdk-17.0.12+7\bin\instrument.dll
Event: 0.157 Loaded shared library C:\OpenJDK17U-jdk_x64_windows_hotspot_17.0.12_7\jdk-17.0.12+7\bin\net.dll
Event: 0.160 Loaded shared library C:\OpenJDK17U-jdk_x64_windows_hotspot_17.0.12_7\jdk-17.0.12+7\bin\nio.dll
Event: 0.193 Loaded shared library C:\OpenJDK17U-jdk_x64_windows_hotspot_17.0.12_7\jdk-17.0.12+7\bin\zip.dll
Event: 11.414 Loaded shared library C:\OpenJDK17U-jdk_x64_windows_hotspot_17.0.12_7\jdk-17.0.12+7\bin\jimage.dll
Event: 20.529 Loaded shared library C:\OpenJDK17U-jdk_x64_windows_hotspot_17.0.12_7\jdk-17.0.12+7\bin\verify.dll
Event: 20.873 Loaded shared library C:\Users\803-19\.gradle\native\c067742578af261105cb4f569cf0c3c89f3d7b1fecec35dd04571415982c5e48\windows-amd64\native-platform.dll
Event: 21.012 Loaded shared library C:\Users\803-19\.gradle\native\100fb08df4bc3b14c8652ba06237920a3bd2aa13389f12d3474272988ae205f9\windows-amd64\native-platform-file-events.dll
Event: 38.823 Loaded shared library C:\OpenJDK17U-jdk_x64_windows_hotspot_17.0.12_7\jdk-17.0.12+7\bin\management.dll
Event: 38.826 Loaded shared library C:\OpenJDK17U-jdk_x64_windows_hotspot_17.0.12_7\jdk-17.0.12+7\bin\management_ext.dll
Event: 39.069 Loaded shared library C:\OpenJDK17U-jdk_x64_windows_hotspot_17.0.12_7\jdk-17.0.12+7\bin\extnet.dll
Event: 39.739 Loaded shared library C:\OpenJDK17U-jdk_x64_windows_hotspot_17.0.12_7\jdk-17.0.12+7\bin\sunmscapi.dll

Deoptimization events (20 events):
Event: 62.575 Thread 0x0000027b376b2a80 Uncommon trap: trap_request=0xffffff45 fr.pc=0x0000027b2cb6a814 relative=0x00000000000001f4
Event: 62.575 Thread 0x0000027b376b2a80 Uncommon trap: reason=unstable_if action=reinterpret pc=0x0000027b2cb6a814 method=sun.instrument.TransformerManager.transform(Ljava/lang/Module;Ljava/lang/ClassLoader;Ljava/lang/String;Ljava/lang/Class;Ljava/security/ProtectionDomain;[B)[B @ 66 c2
Event: 62.575 Thread 0x0000027b376b2a80 DEOPT PACKING pc=0x0000027b2cb6a814 sp=0x000000a3a9bf7800
Event: 62.575 Thread 0x0000027b376b2a80 DEOPT UNPACKING pc=0x0000027b2c3d69a3 sp=0x000000a3a9bf7718 mode 2
Event: 62.576 Thread 0x0000027b376b2a80 Uncommon trap: trap_request=0xffffff45 fr.pc=0x0000027b2cb69d38 relative=0x0000000000000198
Event: 62.576 Thread 0x0000027b376b2a80 Uncommon trap: reason=unstable_if action=reinterpret pc=0x0000027b2cb69d38 method=sun.instrument.TransformerManager.transform(Ljava/lang/Module;Ljava/lang/ClassLoader;Ljava/lang/String;Ljava/lang/Class;Ljava/security/ProtectionDomain;[B)[B @ 66 c2
Event: 62.576 Thread 0x0000027b376b2a80 DEOPT PACKING pc=0x0000027b2cb69d38 sp=0x000000a3a9bf6010
Event: 62.576 Thread 0x0000027b376b2a80 DEOPT UNPACKING pc=0x0000027b2c3d69a3 sp=0x000000a3a9bf5fc0 mode 2
Event: 62.693 Thread 0x0000027b376b2a80 Uncommon trap: trap_request=0xffffff45 fr.pc=0x0000027b2ca49b98 relative=0x0000000000000a58
Event: 62.693 Thread 0x0000027b376b2a80 Uncommon trap: reason=unstable_if action=reinterpret pc=0x0000027b2ca49b98 method=org.objectweb.asm.Label.resolve([BLorg/objectweb/asm/ByteVector;I)Z @ 81 c2
Event: 62.693 Thread 0x0000027b376b2a80 DEOPT PACKING pc=0x0000027b2ca49b98 sp=0x000000a3a9bf2a00
Event: 62.693 Thread 0x0000027b376b2a80 DEOPT UNPACKING pc=0x0000027b2c3d69a3 sp=0x000000a3a9bf2928 mode 2
Event: 62.693 Thread 0x0000027b376b2a80 Uncommon trap: trap_request=0xffffff45 fr.pc=0x0000027b2c98d408 relative=0x0000000000000268
Event: 62.693 Thread 0x0000027b376b2a80 Uncommon trap: reason=unstable_if action=reinterpret pc=0x0000027b2c98d408 method=org.objectweb.asm.Label.resolve([BLorg/objectweb/asm/ByteVector;I)Z @ 81 c2
Event: 62.693 Thread 0x0000027b376b2a80 DEOPT PACKING pc=0x0000027b2c98d408 sp=0x000000a3a9bf2980
Event: 62.693 Thread 0x0000027b376b2a80 DEOPT UNPACKING pc=0x0000027b2c3d69a3 sp=0x000000a3a9bf2910 mode 2
Event: 62.693 Thread 0x0000027b376b2a80 Uncommon trap: trap_request=0xffffff45 fr.pc=0x0000027b2cad9814 relative=0x0000000000000114
Event: 62.693 Thread 0x0000027b376b2a80 Uncommon trap: reason=unstable_if action=reinterpret pc=0x0000027b2cad9814 method=org.objectweb.asm.ByteVector.putInt(I)Lorg/objectweb/asm/ByteVector; @ 13 c2
Event: 62.693 Thread 0x0000027b376b2a80 DEOPT PACKING pc=0x0000027b2cad9814 sp=0x000000a3a9bf29a0
Event: 62.693 Thread 0x0000027b376b2a80 DEOPT UNPACKING pc=0x0000027b2c3d69a3 sp=0x000000a3a9bf2928 mode 2

Classes loaded (20 events):
Event: 61.349 Loading class javax/xml/parsers/FactoryFinder
Event: 61.349 Loading class javax/xml/parsers/FactoryFinder done
Event: 61.350 Loading class javax/xml/parsers/FactoryFinder$1
Event: 61.350 Loading class javax/xml/parsers/FactoryFinder$1 done
Event: 61.351 Loading class com/sun/org/apache/xerces/internal/jaxp/DocumentBuilderFactoryImpl
Event: 61.352 Loading class com/sun/org/apache/xerces/internal/jaxp/DocumentBuilderFactoryImpl done
Event: 61.352 Loading class com/sun/org/apache/xerces/internal/utils/XMLSecurityManager
Event: 61.353 Loading class com/sun/org/apache/xerces/internal/utils/XMLSecurityManager done
Event: 61.353 Loading class com/sun/org/apache/xerces/internal/utils/XMLSecurityManager$Limit
Event: 61.354 Loading class com/sun/org/apache/xerces/internal/utils/XMLSecurityManager$Limit done
Event: 61.354 Loading class com/sun/org/apache/xerces/internal/utils/XMLSecurityManager$NameMap
Event: 61.354 Loading class com/sun/org/apache/xerces/internal/utils/XMLSecurityManager$NameMap done
Event: 61.354 Loading class com/sun/org/apache/xerces/internal/utils/XMLSecurityPropertyManager
Event: 61.356 Loading class com/sun/org/apache/xerces/internal/utils/XMLSecurityPropertyManager done
Event: 61.356 Loading class com/sun/org/apache/xerces/internal/utils/XMLSecurityPropertyManager$State
Event: 61.356 Loading class com/sun/org/apache/xerces/internal/utils/XMLSecurityPropertyManager$State done
Event: 61.356 Loading class com/sun/org/apache/xerces/internal/utils/XMLSecurityPropertyManager$Property
Event: 61.356 Loading class com/sun/org/apache/xerces/internal/utils/XMLSecurityPropertyManager$Property done
Event: 61.487 Loading class java/util/regex/Pattern$SliceI
Event: 61.487 Loading class java/util/regex/Pattern$SliceI done

Classes unloaded (0 events):
No events

Classes redefined (0 events):
No events

Internal exceptions (20 events):
Event: 57.148 Thread 0x0000027b376b2a80 Exception <a 'java/lang/NoSuchMethodError'{0x00000000ec5c7470}: 'java.lang.Object java.lang.invoke.Invokers$Holder.linkToTargetMethod(java.lang.Object, java.lang.Object, int, java.lang.Object)'> (0x00000000ec5c7470) 
thrown [s\src\hotspot\share\interpreter\linkResolver.cpp, line 759]
Event: 57.387 Thread 0x0000027b376b2a80 Exception <a 'java/lang/NoSuchMethodError'{0x00000000ec24e278}: 'int java.lang.invoke.DirectMethodHandle$Holder.invokeSpecialIFC(java.lang.Object, java.lang.Object, java.lang.Object)'> (0x00000000ec24e278) 
thrown [s\src\hotspot\share\interpreter\linkResolver.cpp, line 759]
Event: 57.503 Thread 0x0000027b376b2a80 Exception <a 'java/lang/NoSuchMethodError'{0x00000000ebeaf208}: 'java.lang.Object java.lang.invoke.DirectMethodHandle$Holder.newInvokeSpecial(java.lang.Object, java.lang.Object, java.lang.Object, java.lang.Object, int)'> (0x00000000ebeaf208) 
thrown [s\src\hotspot\share\interpreter\linkResolver.cpp, line 759]
Event: 57.504 Thread 0x0000027b376b2a80 Exception <a 'java/lang/NoSuchMethodError'{0x00000000ebeb44e8}: 'java.lang.Object java.lang.invoke.DirectMethodHandle$Holder.invokeSpecial(java.lang.Object, java.lang.Object, java.lang.Object, java.lang.Object, java.lang.Object, int)'> (0x00000000ebeb44e8) 
thrown [s\src\hotspot\share\interpreter\linkResolver.cpp, line 759]
Event: 57.504 Thread 0x0000027b376b2a80 Exception <a 'java/lang/NoSuchMethodError'{0x00000000ebeb9178}: 'java.lang.Object java.lang.invoke.Invokers$Holder.linkToTargetMethod(java.lang.Object, java.lang.Object, java.lang.Object, int, java.lang.Object)'> (0x00000000ebeb9178) 
thrown [s\src\hotspot\share\interpreter\linkResolver.cpp, line 759]
Event: 57.553 Thread 0x0000027b376b2a80 Exception <a 'java/lang/NoSuchMethodError'{0x00000000ebd1cf20}: 'java.lang.Object java.lang.invoke.DirectMethodHandle$Holder.invokeSpecial(java.lang.Object, java.lang.Object, java.lang.Object, java.lang.Object, java.lang.Object, long)'> (0x00000000ebd1cf20) 
thrown [s\src\hotspot\share\interpreter\linkResolver.cpp, line 759]
Event: 57.555 Thread 0x0000027b376b2a80 Exception <a 'java/lang/NoSuchMethodError'{0x00000000ebd47d90}: 'void java.lang.invoke.DirectMethodHandle$Holder.invokeStatic(java.lang.Object, java.lang.Object, java.lang.Object, int, java.lang.Object)'> (0x00000000ebd47d90) 
thrown [s\src\hotspot\share\interpreter\linkResolver.cpp, line 759]
Event: 57.612 Thread 0x0000027b376b2a80 Exception <a 'java/lang/NoSuchMethodError'{0x00000000ebccf3f0}: 'int java.lang.invoke.DirectMethodHandle$Holder.invokeInterface(java.lang.Object, java.lang.Object, java.lang.Object, java.lang.Object, java.lang.Object)'> (0x00000000ebccf3f0) 
thrown [s\src\hotspot\share\interpreter\linkResolver.cpp, line 759]
Event: 58.130 Thread 0x0000027b376b2a80 Exception <a 'java/lang/NoSuchMethodError'{0x00000000eb5f7020}: 'int java.lang.invoke.DirectMethodHandle$Holder.invokeInterface(java.lang.Object, java.lang.Object, java.lang.Object, java.lang.Object)'> (0x00000000eb5f7020) 
thrown [s\src\hotspot\share\interpreter\linkResolver.cpp, line 759]
Event: 58.181 Thread 0x0000027b376b2a80 Exception <a 'java/lang/NoSuchMethodError'{0x00000000eb3cf730}: 'java.lang.Object java.lang.invoke.DirectMethodHandle$Holder.invokeStatic(java.lang.Object, long, java.lang.Object)'> (0x00000000eb3cf730) 
thrown [s\src\hotspot\share\interpreter\linkResolver.cpp, line 759]
Event: 58.181 Thread 0x0000027b376b2a80 Exception <a 'java/lang/NoSuchMethodError'{0x00000000eb3d7468}: 'java.lang.Object java.lang.invoke.DirectMethodHandle$Holder.newInvokeSpecial(java.lang.Object, long)'> (0x00000000eb3d7468) 
thrown [s\src\hotspot\share\interpreter\linkResolver.cpp, line 759]
Event: 58.190 Thread 0x0000027b376b2a80 Exception <a 'java/lang/NoSuchMethodError'{0x00000000eb246bf8}: 'java.lang.Object java.lang.invoke.Invokers$Holder.linkToTargetMethod(java.lang.Object, java.lang.Object, java.lang.Object, java.lang.Object, long, java.lang.Object, java.lang.Object)'> (0x00000000eb246bf8) 
thrown [s\src\hotspot\share\interpreter\linkResolver.cpp, line 759]
Event: 58.195 Thread 0x0000027b376b2a80 Exception <a 'java/lang/NoSuchMethodError'{0x00000000eb28d338}: 'java.lang.Object java.lang.invoke.DirectMethodHandle$Holder.newInvokeSpecial(java.lang.Object, java.lang.Object, java.lang.Object, long, java.lang.Object)'> (0x00000000eb28d338) 
thrown [s\src\hotspot\share\interpreter\linkResolver.cpp, line 759]
Event: 58.195 Thread 0x0000027b376b2a80 Exception <a 'java/lang/NoSuchMethodError'{0x00000000eb292468}: 'java.lang.Object java.lang.invoke.DirectMethodHandle$Holder.invokeSpecial(java.lang.Object, java.lang.Object, java.lang.Object, java.lang.Object, long, java.lang.Object)'> (0x00000000eb292468) 
thrown [s\src\hotspot\share\interpreter\linkResolver.cpp, line 759]
Event: 58.196 Thread 0x0000027b376b2a80 Exception <a 'java/lang/NoSuchMethodError'{0x00000000eb2969a8}: 'java.lang.Object java.lang.invoke.Invokers$Holder.linkToTargetMethod(java.lang.Object, java.lang.Object, long, java.lang.Object, java.lang.Object)'> (0x00000000eb2969a8) 
thrown [s\src\hotspot\share\interpreter\linkResolver.cpp, line 759]
Event: 58.312 Thread 0x0000027b376b2a80 Exception <a 'java/lang/NoSuchMethodError'{0x00000000eb09ac40}: 'java.lang.Object java.lang.invoke.DirectMethodHandle$Holder.invokeSpecial(java.lang.Object, java.lang.Object, long, java.lang.Object, java.lang.Object)'> (0x00000000eb09ac40) 
thrown [s\src\hotspot\share\interpreter\linkResolver.cpp, line 759]
Event: 58.962 Thread 0x0000027b376b2a80 Exception <a 'java/lang/NoSuchMethodError'{0x00000000ea814c48}: 'java.lang.Object java.lang.invoke.DirectMethodHandle$Holder.newInvokeSpecial(java.lang.Object, java.lang.Object, java.lang.Object, java.lang.Object, int, java.lang.Object)'> (0x00000000ea814c48) 
thrown [s\src\hotspot\share\interpreter\linkResolver.cpp, line 759]
Event: 58.963 Thread 0x0000027b376b2a80 Exception <a 'java/lang/NoSuchMethodError'{0x00000000ea81d7a0}: 'java.lang.Object java.lang.invoke.Invokers$Holder.linkToTargetMethod(java.lang.Object, java.lang.Object, java.lang.Object, int, java.lang.Object, java.lang.Object)'> (0x00000000ea81d7a0) 
thrown [s\src\hotspot\share\interpreter\linkResolver.cpp, line 759]
Event: 59.471 Thread 0x0000027b376b2a80 Exception <a 'java/lang/NoSuchMethodError'{0x00000000ea133510}: 'java.lang.Object java.lang.invoke.DirectMethodHandle$Holder.invokeSpecialIFC(java.lang.Object, java.lang.Object, java.lang.Object)'> (0x00000000ea133510) 
thrown [s\src\hotspot\share\interpreter\linkResolver.cpp, line 759]
Event: 61.638 Thread 0x0000027b376b2a80 Exception <a 'java/lang/NoSuchMethodError'{0x00000000e88712a0}: 'void java.lang.invoke.DirectMethodHandle$Holder.invokeVirtual(java.lang.Object, java.lang.Object)'> (0x00000000e88712a0) 
thrown [s\src\hotspot\share\interpreter\linkResolver.cpp, line 759]

VM Operations (20 events):
Event: 57.408 Executing VM operation: Cleanup
Event: 57.424 Executing VM operation: Cleanup done
Event: 58.122 Executing VM operation: HandshakeAllThreads
Event: 58.122 Executing VM operation: HandshakeAllThreads done
Event: 58.128 Executing VM operation: HandshakeAllThreads
Event: 58.128 Executing VM operation: HandshakeAllThreads done
Event: 58.872 Executing VM operation: HandshakeAllThreads
Event: 58.873 Executing VM operation: HandshakeAllThreads done
Event: 58.873 Executing VM operation: Cleanup
Event: 58.873 Executing VM operation: Cleanup done
Event: 59.569 Executing VM operation: ICBufferFull
Event: 59.569 Executing VM operation: ICBufferFull done
Event: 60.411 Executing VM operation: HandshakeAllThreads
Event: 60.411 Executing VM operation: HandshakeAllThreads done
Event: 60.917 Executing VM operation: ICBufferFull
Event: 60.917 Executing VM operation: ICBufferFull done
Event: 61.736 Executing VM operation: ICBufferFull
Event: 61.736 Executing VM operation: ICBufferFull done
Event: 62.738 Executing VM operation: Cleanup
Event: 62.738 Executing VM operation: Cleanup done

Events (20 events):
Event: 56.398 Thread 0x0000027b37642450 flushing nmethod 0x0000027b25773610
Event: 56.398 Thread 0x0000027b37642450 flushing nmethod 0x0000027b25773a10
Event: 56.398 Thread 0x0000027b37642450 flushing nmethod 0x0000027b25774810
Event: 56.398 Thread 0x0000027b37642450 flushing nmethod 0x0000027b25774d10
Event: 56.398 Thread 0x0000027b37642450 flushing nmethod 0x0000027b25775490
Event: 56.398 Thread 0x0000027b37642450 flushing nmethod 0x0000027b25775910
Event: 58.109 Thread 0x0000027b37a8b3d0 Thread added: 0x0000027b37a8b3d0
Event: 58.538 Thread 0x0000027b37a8b3d0 Thread exited: 0x0000027b37a8b3d0
Event: 58.824 Thread 0x0000027b52cf2c70 Thread added: 0x0000027b52cf2c70
Event: 58.824 Thread 0x0000027b52cf0900 Thread added: 0x0000027b52cf0900
Event: 58.825 Thread 0x0000027b52cf3ba0 Thread added: 0x0000027b52cf3ba0
Event: 59.043 Thread 0x0000027b52cf2760 Thread added: 0x0000027b52cf2760
Event: 59.046 Thread 0x0000027b52cf0e10 Thread added: 0x0000027b52cf0e10
Event: 59.048 Thread 0x0000027b52cee590 Thread added: 0x0000027b52cee590
Event: 59.472 Thread 0x0000027b52cefee0 Thread added: 0x0000027b52cefee0
Event: 59.473 Thread 0x0000027b52cf3690 Thread added: 0x0000027b52cf3690
Event: 59.474 Thread 0x0000027b52ced150 Thread added: 0x0000027b52ced150
Event: 61.489 Thread 0x0000027b5168e570 Thread added: 0x0000027b5168e570
Event: 61.615 Thread 0x0000027b52cf1320 Thread added: 0x0000027b52cf1320
Event: 61.696 Thread 0x0000027b5168e570 Thread exited: 0x0000027b5168e570


Dynamic libraries:
0x00007ff683800000 - 0x00007ff68380e000 	C:\OpenJDK17U-jdk_x64_windows_hotspot_17.0.12_7\jdk-17.0.12+7\bin\java.exe
0x00007ff98eff0000 - 0x00007ff98f1e8000 	C:\Windows\SYSTEM32\ntdll.dll
0x00007ff98d580000 - 0x00007ff98d642000 	C:\Windows\System32\KERNEL32.DLL
0x00007ff98c8b0000 - 0x00007ff98cbae000 	C:\Windows\System32\KERNELBASE.dll
0x00007ff98c690000 - 0x00007ff98c790000 	C:\Windows\System32\ucrtbase.dll
0x00007ff981680000 - 0x00007ff981697000 	C:\OpenJDK17U-jdk_x64_windows_hotspot_17.0.12_7\jdk-17.0.12+7\bin\jli.dll
0x00007ff98d980000 - 0x00007ff98db1d000 	C:\Windows\System32\USER32.dll
0x00007ff98c880000 - 0x00007ff98c8a2000 	C:\Windows\System32\win32u.dll
0x00007ff98d130000 - 0x00007ff98d15b000 	C:\Windows\System32\GDI32.dll
0x00007ff98cc90000 - 0x00007ff98cda7000 	C:\Windows\System32\gdi32full.dll
0x00007ff98c790000 - 0x00007ff98c82d000 	C:\Windows\System32\msvcp_win.dll
0x00007ff981660000 - 0x00007ff98167b000 	C:\OpenJDK17U-jdk_x64_windows_hotspot_17.0.12_7\jdk-17.0.12+7\bin\VCRUNTIME140.dll
0x00007ff97ba20000 - 0x00007ff97bcba000 	C:\Windows\WinSxS\amd64_microsoft.windows.common-controls_6595b64144ccf1df_6.0.19041.4355_none_60b8b9eb71f62e16\COMCTL32.dll
0x00007ff98e330000 - 0x00007ff98e3ce000 	C:\Windows\System32\msvcrt.dll
0x00007ff98db20000 - 0x00007ff98db4f000 	C:\Windows\System32\IMM32.DLL
0x00007ff989580000 - 0x00007ff98958c000 	C:\OpenJDK17U-jdk_x64_windows_hotspot_17.0.12_7\jdk-17.0.12+7\bin\vcruntime140_1.dll
0x00007ff96c480000 - 0x00007ff96c50d000 	C:\OpenJDK17U-jdk_x64_windows_hotspot_17.0.12_7\jdk-17.0.12+7\bin\msvcp140.dll
0x00007ff95bb10000 - 0x00007ff95c77a000 	C:\OpenJDK17U-jdk_x64_windows_hotspot_17.0.12_7\jdk-17.0.12+7\bin\server\jvm.dll
0x00007ff98d070000 - 0x00007ff98d121000 	C:\Windows\System32\ADVAPI32.dll
0x00007ff98d8e0000 - 0x00007ff98d97f000 	C:\Windows\System32\sechost.dll
0x00007ff98d170000 - 0x00007ff98d293000 	C:\Windows\System32\RPCRT4.dll
0x00007ff98cbb0000 - 0x00007ff98cbd7000 	C:\Windows\System32\bcrypt.dll
0x00007ff98d660000 - 0x00007ff98d6cb000 	C:\Windows\System32\WS2_32.dll
0x00007ff98bb90000 - 0x00007ff98bbdb000 	C:\Windows\SYSTEM32\POWRPROF.dll
0x00007ff982400000 - 0x00007ff982427000 	C:\Windows\SYSTEM32\WINMM.dll
0x00007ff986b40000 - 0x00007ff986b4a000 	C:\Windows\SYSTEM32\VERSION.dll
0x00007ff98ba50000 - 0x00007ff98ba62000 	C:\Windows\SYSTEM32\UMPDC.dll
0x00007ff98a4f0000 - 0x00007ff98a502000 	C:\Windows\SYSTEM32\kernel.appcore.dll
0x00007ff985960000 - 0x00007ff98596a000 	C:\OpenJDK17U-jdk_x64_windows_hotspot_17.0.12_7\jdk-17.0.12+7\bin\jimage.dll
0x00007ff981a80000 - 0x00007ff981c64000 	C:\Windows\SYSTEM32\DBGHELP.DLL
0x00007ff972c00000 - 0x00007ff972c34000 	C:\Windows\SYSTEM32\dbgcore.DLL
0x00007ff98cf80000 - 0x00007ff98d002000 	C:\Windows\System32\bcryptPrimitives.dll
0x00007ff9815f0000 - 0x00007ff9815fe000 	C:\OpenJDK17U-jdk_x64_windows_hotspot_17.0.12_7\jdk-17.0.12+7\bin\instrument.dll
0x00007ff9815c0000 - 0x00007ff9815e5000 	C:\OpenJDK17U-jdk_x64_windows_hotspot_17.0.12_7\jdk-17.0.12+7\bin\java.dll
0x00007ff96c3a0000 - 0x00007ff96c477000 	C:\OpenJDK17U-jdk_x64_windows_hotspot_17.0.12_7\jdk-17.0.12+7\bin\jsvml.dll
0x00007ff98db60000 - 0x00007ff98e2cd000 	C:\Windows\System32\SHELL32.dll
0x00007ff98a6f0000 - 0x00007ff98ae94000 	C:\Windows\SYSTEM32\windows.storage.dll
0x00007ff98e9f0000 - 0x00007ff98ed43000 	C:\Windows\System32\combase.dll
0x00007ff98bfe0000 - 0x00007ff98c00e000 	C:\Windows\SYSTEM32\Wldp.dll
0x00007ff98d6d0000 - 0x00007ff98d79d000 	C:\Windows\System32\OLEAUT32.dll
0x00007ff98d7a0000 - 0x00007ff98d84d000 	C:\Windows\System32\SHCORE.dll
0x00007ff98e2d0000 - 0x00007ff98e325000 	C:\Windows\System32\shlwapi.dll
0x00007ff98c5c0000 - 0x00007ff98c5e4000 	C:\Windows\SYSTEM32\profapi.dll
0x00007ff9815a0000 - 0x00007ff9815b8000 	C:\OpenJDK17U-jdk_x64_windows_hotspot_17.0.12_7\jdk-17.0.12+7\bin\zip.dll
0x00007ff9812a0000 - 0x00007ff9812b9000 	C:\OpenJDK17U-jdk_x64_windows_hotspot_17.0.12_7\jdk-17.0.12+7\bin\net.dll
0x00007ff986890000 - 0x00007ff98699d000 	C:\Windows\SYSTEM32\WINHTTP.dll
0x00007ff98bdc0000 - 0x00007ff98be2a000 	C:\Windows\system32\mswsock.dll
0x00007ff981280000 - 0x00007ff981296000 	C:\OpenJDK17U-jdk_x64_windows_hotspot_17.0.12_7\jdk-17.0.12+7\bin\nio.dll
0x00007ff97ce20000 - 0x00007ff97ce30000 	C:\OpenJDK17U-jdk_x64_windows_hotspot_17.0.12_7\jdk-17.0.12+7\bin\verify.dll
0x00007ff986e10000 - 0x00007ff986e37000 	C:\Users\803-19\.gradle\native\c067742578af261105cb4f569cf0c3c89f3d7b1fecec35dd04571415982c5e48\windows-amd64\native-platform.dll
0x00007ff96c250000 - 0x00007ff96c394000 	C:\Users\803-19\.gradle\native\100fb08df4bc3b14c8652ba06237920a3bd2aa13389f12d3474272988ae205f9\windows-amd64\native-platform-file-events.dll
0x00007ff97c840000 - 0x00007ff97c849000 	C:\OpenJDK17U-jdk_x64_windows_hotspot_17.0.12_7\jdk-17.0.12+7\bin\management.dll
0x00007ff97c830000 - 0x00007ff97c83b000 	C:\OpenJDK17U-jdk_x64_windows_hotspot_17.0.12_7\jdk-17.0.12+7\bin\management_ext.dll
0x00007ff98d650000 - 0x00007ff98d658000 	C:\Windows\System32\PSAPI.DLL
0x00007ff98c330000 - 0x00007ff98c348000 	C:\Windows\SYSTEM32\CRYPTSP.dll
0x00007ff98b690000 - 0x00007ff98b6c4000 	C:\Windows\system32\rsaenh.dll
0x00007ff98c580000 - 0x00007ff98c5ae000 	C:\Windows\SYSTEM32\USERENV.dll
0x00007ff98bf50000 - 0x00007ff98bf5c000 	C:\Windows\SYSTEM32\CRYPTBASE.dll
0x00007ff98ba70000 - 0x00007ff98baab000 	C:\Windows\SYSTEM32\IPHLPAPI.DLL
0x00007ff98d160000 - 0x00007ff98d168000 	C:\Windows\System32\NSI.dll
0x00007ff987670000 - 0x00007ff987687000 	C:\Windows\SYSTEM32\dhcpcsvc6.DLL
0x00007ff987620000 - 0x00007ff98763d000 	C:\Windows\SYSTEM32\dhcpcsvc.DLL
0x00007ff98bab0000 - 0x00007ff98bb7a000 	C:\Windows\SYSTEM32\DNSAPI.dll
0x00007ff97ad20000 - 0x00007ff97ad29000 	C:\OpenJDK17U-jdk_x64_windows_hotspot_17.0.12_7\jdk-17.0.12+7\bin\extnet.dll
0x00007ff97ad10000 - 0x00007ff97ad1e000 	C:\OpenJDK17U-jdk_x64_windows_hotspot_17.0.12_7\jdk-17.0.12+7\bin\sunmscapi.dll
0x00007ff98cdb0000 - 0x00007ff98cf0c000 	C:\Windows\System32\CRYPT32.dll
0x00007ff98c050000 - 0x00007ff98c077000 	C:\Windows\SYSTEM32\ncrypt.dll
0x00007ff98c010000 - 0x00007ff98c04b000 	C:\Windows\SYSTEM32\NTASN1.dll
0x00007ff969a90000 - 0x00007ff969a97000 	C:\Windows\system32\wshunix.dll

dbghelp: loaded successfully - version: 4.0.5 - missing functions: none
symbol engine: initialized successfully - sym options: 0x614 - pdb path: .;C:\OpenJDK17U-jdk_x64_windows_hotspot_17.0.12_7\jdk-17.0.12+7\bin;C:\Windows\SYSTEM32;C:\Windows\WinSxS\amd64_microsoft.windows.common-controls_6595b64144ccf1df_6.0.19041.4355_none_60b8b9eb71f62e16;C:\OpenJDK17U-jdk_x64_windows_hotspot_17.0.12_7\jdk-17.0.12+7\bin\server;C:\Users\803-19\.gradle\native\c067742578af261105cb4f569cf0c3c89f3d7b1fecec35dd04571415982c5e48\windows-amd64;C:\Users\803-19\.gradle\native\100fb08df4bc3b14c8652ba06237920a3bd2aa13389f12d3474272988ae205f9\windows-amd64

VM Arguments:
jvm_args: --add-opens=java.base/java.lang=ALL-UNNAMED --add-opens=java.base/java.lang.invoke=ALL-UNNAMED --add-opens=java.base/java.util=ALL-UNNAMED --add-opens=java.prefs/java.util.prefs=ALL-UNNAMED --add-exports=jdk.compiler/com.sun.tools.javac.api=ALL-UNNAMED --add-exports=jdk.compiler/com.sun.tools.javac.util=ALL-UNNAMED --add-opens=java.base/java.util=ALL-UNNAMED --add-opens=java.prefs/java.util.prefs=ALL-UNNAMED --add-opens=java.base/java.nio.charset=ALL-UNNAMED --add-opens=java.base/java.net=ALL-UNNAMED --add-opens=java.base/java.util.concurrent.atomic=ALL-UNNAMED --add-opens=java.xml/javax.xml.namespace=ALL-UNNAMED -XX:MaxMetaspaceSize=384m -XX:+HeapDumpOnOutOfMemoryError -Xms256m -Xmx512m -Dfile.encoding=UTF-8 -Duser.country=KR -Duser.language=ko -Duser.variant -javaagent:C:\Users\803-19\.gradle\wrapper\dists\gradle-8.11.1-bin\bpt9gzteqjrbo1mjrsomdt32c\gradle-8.11.1\lib\agents\gradle-instrumentation-agent-8.11.1.jar 
java_command: org.gradle.launcher.daemon.bootstrap.GradleDaemon 8.11.1
java_class_path (initial): C:\Users\803-19\.gradle\wrapper\dists\gradle-8.11.1-bin\bpt9gzteqjrbo1mjrsomdt32c\gradle-8.11.1\lib\gradle-daemon-main-8.11.1.jar
Launcher Type: SUN_STANDARD

[Global flags]
     intx CICompilerCount                          = 3                                         {product} {ergonomic}
   size_t CompressedClassSpaceSize                 = 335544320                                 {product} {ergonomic}
     uint ConcGCThreads                            = 1                                         {product} {ergonomic}
     uint G1ConcRefinementThreads                  = 4                                         {product} {ergonomic}
   size_t G1HeapRegionSize                         = 1048576                                   {product} {ergonomic}
    uintx GCDrainStackTargetSize                   = 64                                        {product} {ergonomic}
     bool HeapDumpOnOutOfMemoryError               = true                                   {manageable} {command line}
   size_t InitialHeapSize                          = 268435456                                 {product} {command line}
   size_t MarkStackSize                            = 4194304                                   {product} {ergonomic}
   size_t MaxHeapSize                              = 536870912                                 {product} {command line}
   size_t MaxMetaspaceSize                         = 402653184                                 {product} {command line}
   size_t MaxNewSize                               = 321912832                                 {product} {ergonomic}
   size_t MinHeapDeltaBytes                        = 1048576                                   {product} {ergonomic}
   size_t MinHeapSize                              = 268435456                                 {product} {command line}
    uintx NonNMethodCodeHeapSize                   = 5832780                                {pd product} {ergonomic}
    uintx NonProfiledCodeHeapSize                  = 122912730                              {pd product} {ergonomic}
    uintx ProfiledCodeHeapSize                     = 122912730                              {pd product} {ergonomic}
    uintx ReservedCodeCacheSize                    = 251658240                              {pd product} {ergonomic}
     bool SegmentedCodeCache                       = true                                      {product} {ergonomic}
   size_t SoftMaxHeapSize                          = 536870912                              {manageable} {ergonomic}
     bool UseCompressedClassPointers               = true                           {product lp64_product} {ergonomic}
     bool UseCompressedOops                        = true                           {product lp64_product} {ergonomic}
     bool UseG1GC                                  = true                                      {product} {ergonomic}
     bool UseLargePagesIndividualAllocation        = false                                  {pd product} {ergonomic}

Logging:
Log output configuration:
 #0: stdout all=warning uptime,level,tags
 #1: stderr all=off uptime,level,tags

Environment Variables:
JAVA_HOME=C:\OpenJDK17U-jdk_x64_windows_hotspot_17.0.12_7\jdk-17.0.12+7
PATH=C:\Windows\system32;C:\Windows;C:\Windows\System32\Wbem;C:\Windows\System32\WindowsPowerShell\v1.0\;C:\Windows\System32\OpenSSH\;C:\OpenJDK17U-jdk_x64_windows_hotspot_17.0.12_7\jdk-17.0.12+7\bin;C:\Program Files\MySQL\MySQL Server 8.0\bin;C:\Users\803-19\AppData\Roaming\nvm;C:\Program Files\nodejs;C:\Program Files\Git\cmd;C:\Program Files\Docker\Docker\resources\bin;C:\OpenSSL\bin;C:\flutter\flutter\bin;C:\Users\803-19\AppData\Local\Android\Sdk\emulator;C:\Users\803-19\AppData\Local\Microsoft\WindowsApps;C:\Users\803-19\AppData\Local\Programs\Microsoft VS Code\bin;C:\Program Files\JetBrains\IntelliJ IDEA 2024.1.4\bin;;C:\Users\803-19\AppData\Roaming\npm;C:\Users\803-19\AppData\Roaming\nvm;C:\Program Files\nodejs;
USERNAME=803-19
OS=Windows_NT
PROCESSOR_IDENTIFIER=Intel64 Family 6 Model 158 Stepping 9, GenuineIntel
TMP=C:\Users\803-19\AppData\Local\Temp
TEMP=C:\Users\803-19\AppData\Local\Temp



Periodic native trim disabled


---------------  S Y S T E M  ---------------

OS:
 Windows 10 , 64 bit Build 19041 (10.0.19041.5198)
OS uptime: 0 days 18:42 hours
Hyper-V role detected

CPU: total 4 (initial active 4) (4 cores per cpu, 1 threads per core) family 6 model 158 stepping 9 microcode 0xb4, cx8, cmov, fxsr, mmx, 3dnowpref, sse, sse2, sse3, ssse3, sse4.1, sse4.2, popcnt, lzcnt, tsc, tscinvbit, avx, avx2, aes, erms, clmul, bmi1, bmi2, rtm, adx, fma, vzeroupper, clflush, clflushopt, hv
Processor Information for all 4 processors :
  Max Mhz: 3401, Current Mhz: 3401, Mhz Limit: 3401

Memory: 4k page, system-wide physical 16342M (688M free)
TotalPageFile size 28353M (AvailPageFile size 2M)
current process WorkingSet (physical memory assigned to process): 375M, peak: 375M
current process commit charge ("private bytes"): 467M, peak: 469M

vm_info: OpenJDK 64-Bit Server VM (17.0.12+7) for windows-amd64 JRE (17.0.12+7), built on Jul 16 2024 22:08:24 by "admin" with MS VC++ 16.10 / 16.11 (VS2019)

END.
